生成启动时间为 2015/12/24 19:56:50。
     1>项目“D:\Engine\DX11\MyEngine\KMyEngineNew\KMyEngineNewFrame\KMyEngineEditor\KMyEngineEditor.vcxproj”在节点 2 上(Rebuild 个目标)。
     1>CustomBuild:
         Moc'ing kmyengineeditor.h...
         Uic'ing kmyengineeditor.ui...
         Moc'ing KD3DWidget.h...
         Rcc'ing kmyengineeditor.qrc...
     1>RCC : warning : No resources in 'D:\Engine\DX11\MyEngine\KMyEngineNew\KMyEngineNewFrame\KMyEngineEditor\kmyengineeditor.qrc'.
         
       ClCompile:
         E:\Program Files (x86)\Microsoft Visual Studio 11.0\VC\bin\CL.exe /c /I.\GeneratedFiles /I. /IE:\Qt\Qt5.2.1\5.2.1\msvc2012\include /I.\GeneratedFiles\Debug /IE:\Qt\Qt5.2.1\5.2.1\msvc2012\include\QtCore /IE:\Qt\Qt5.2.1\5.2.1\msvc2012\include\QtGui /IE:\Qt\Qt5.2.1\5.2.1\msvc2012\include\QtWidgets /Zi /nologo /W1 /WX- /Od /Oy- /D UNICODE /D WIN32 /D WIN64 /D QT_DLL /D QT_CORE_LIB /D QT_GUI_LIB /D QT_WIDGETS_LIB /Gm- /EHsc /MDd /GS /fp:precise /Zc:wchar_t- /Zc:forScope /Fo"Debug\\" /Fd"Debug\vc110.pdb" /Gd /TP /analyze- /errorReport:prompt GeneratedFiles\Debug\moc_KD3DWidget.cpp GeneratedFiles\Debug\moc_kmyengineeditor.cpp KD3DWidget.cpp kmyengineeditor.cpp main.cpp
         moc_KD3DWidget.cpp
         moc_kmyengineeditor.cpp
         KD3DWidget.cpp
         kmyengineeditor.cpp
         main.cpp
         正在生成代码...
         E:\Program Files (x86)\Microsoft Visual Studio 11.0\VC\bin\CL.exe /c /I.\GeneratedFiles /I. /IE:\Qt\Qt5.2.1\5.2.1\msvc2012\include /I.\GeneratedFiles\Debug /IE:\Qt\Qt5.2.1\5.2.1\msvc2012\include\QtCore /IE:\Qt\Qt5.2.1\5.2.1\msvc2012\include\QtGui /IE:\Qt\Qt5.2.1\5.2.1\msvc2012\include\QtWidgets /Zi /nologo /W1 /WX- /Od /Oy- /D UNICODE /D WIN32 /D WIN64 /D QT_DLL /D QT_CORE_LIB /D QT_GUI_LIB /D QT_WIDGETS_LIB /Gm- /EHsc /MDd /GS /fp:precise /Zc:wchar_t- /Zc:forScope /Fo"Debug\\" /Fd"Debug\vc110.pdb" /Gd /TP /analyze- /errorReport:prompt GeneratedFiles\qrc_kmyengineeditor.cpp
         qrc_kmyengineeditor.cpp
       Link:
         E:\Program Files (x86)\Microsoft Visual Studio 11.0\VC\bin\link.exe /ERRORREPORT:PROMPT /OUT:"D:\Engine\DX11\MyEngine\KMyEngineNew\KMyEngineNewFrame\\KMyEngineOutput\Win32\Debug\\KMyEngineEditor.exe" /NOLOGO /LIBPATH:E:\Qt\Qt5.2.1\5.2.1\msvc2012\lib qtmaind.lib Qt5Cored.lib Qt5Guid.lib Qt5Widgetsd.lib kernel32.lib user32.lib gdi32.lib winspool.lib comdlg32.lib advapi32.lib shell32.lib ole32.lib oleaut32.lib uuid.lib odbc32.lib odbccp32.lib /MANIFEST /MANIFESTUAC:"level='asInvoker' uiAccess='false'" /manifest:embed /DEBUG /PDB:"D:\Engine\DX11\MyEngine\KMyEngineNew\KMyEngineNewFrame\\KMyEngineOutput\Win32\Debug\KMyEngineEditor.pdb" /SUBSYSTEM:WINDOWS /TLBID:1 /DYNAMICBASE /NXCOMPAT /IMPLIB:"D:\Engine\DX11\MyEngine\KMyEngineNew\KMyEngineNewFrame\\KMyEngineOutput\Win32\Debug\KMyEngineEditor.lib" /MACHINE:X86 /SAFESEH Debug\moc_KD3DWidget.obj
         Debug\moc_kmyengineeditor.obj
         Debug\qrc_kmyengineeditor.obj
         Debug\KD3DWidget.obj
         Debug\kmyengineeditor.obj
         Debug\main.obj
         D:\Engine\DX11\MyEngine\KMyEngineNew\KMyEngineNewFrame\KMyEngineOutput\Win32\Debug\KMyEngineD.lib
         KMyEngineEditor.vcxproj -> D:\Engine\DX11\MyEngine\KMyEngineNew\KMyEngineNewFrame\\KMyEngineOutput\Win32\Debug\KMyEngineEditor.exe
     1>已完成生成项目“D:\Engine\DX11\MyEngine\KMyEngineNew\KMyEngineNewFrame\KMyEngineEditor\KMyEngineEditor.vcxproj”(Rebuild 个目标)的操作。

生成成功。

已用时间 00:00:07.48
