D:\ENGINE\DX11\MYENGINE\KMYENGINENEW\KMYENGINE\KMYENGINEEDITOR\DEBUG\MAIN.OBJ
D:\ENGINE\DX11\MYENGINE\KMYENGINENEW\KMYENGINE\KMYENGINEEDITOR\DEBUG\KMYENGINEEDITOR.OBJ
D:\ENGINE\DX11\MYENGINE\KMYENGINENEW\KMYENGINE\KMYENGINEEDITOR\DEBUG\KD3DWIDGET.OBJ
D:\ENGINE\DX11\MYENGINE\KMYENGINENEW\KMYENGINE\KMYENGINEEDITOR\DEBUG\MOC_KMYENGINEEDITOR.OBJ
D:\ENGINE\DX11\MYENGINE\KMYENGINENEW\KMYENGINE\KMYENGINEEDITOR\DEBUG\MOC_KD3DWIDGET.OBJ
D:\ENGINE\DX11\MYENGINE\KMYENGINENEW\KMYENGINE\KMYENGINEEDITOR\DEBUG\VC110.PDB
D:\ENGINE\DX11\MYENGINE\KMYENGINENEW\KMYENGINE\KMYENGINEEDITOR\DEBUG\QRC_KMYENGINEEDITOR.OBJ
D:\ENGINE\DX11\MYENGINE\KMYENGINENEW\KMYENGINE\KMYENGINEEDITOR\GENERATEDFILES\DEBUG\MOC_KMYENGINEEDITOR.CPP
D:\ENGINE\DX11\MYENGINE\KMYENGINENEW\KMYENGINE\KMYENGINEEDITOR\GENERATEDFILES\UI_KMYENGINEEDITOR.H
D:\ENGINE\DX11\MYENGINE\KMYENGINENEW\KMYENGINE\KMYENGINEEDITOR\GENERATEDFILES\DEBUG\MOC_KD3DWIDGET.CPP
D:\ENGINE\DX11\MYENGINE\KMYENGINENEW\KMYENGINE\KMYENGINEEDITOR\GENERATEDFILES\QRC_KMYENGINEEDITOR.CPP
D:\ENGINE\DX11\MYENGINE\KMYENGINENEW\KMYENGINE\KMYENGINEOUTPUT\WIN32\DEBUG\KMYENGINEEDITOR.ILK
D:\ENGINE\DX11\MYENGINE\KMYENGINENEW\KMYENGINE\KMYENGINEOUTPUT\WIN32\DEBUG\KMYENGINEEDITOR.EXE
D:\ENGINE\DX11\MYENGINE\KMYENGINENEW\KMYENGINE\KMYENGINEOUTPUT\WIN32\DEBUG\KMYENGINEEDITORD.PDB
D:\Engine\DX11\MyEngine\KMyEngineNew\KMyEngine\KMyEngineEditor\Debug\KD3DWidget.obj
D:\Engine\DX11\MyEngine\KMyEngineNew\KMyEngine\KMyEngineEditor\Debug\kmyengineeditor.obj
D:\Engine\DX11\MyEngine\KMyEngineNew\KMyEngine\KMyEngineEditor\Debug\main.obj
D:\Engine\DX11\MyEngine\KMyEngineNew\KMyEngine\KMyEngineEditor\Debug\moc_KD3DWidget.obj
D:\Engine\DX11\MyEngine\KMyEngineNew\KMyEngine\KMyEngineEditor\Debug\moc_kmyengineeditor.obj
D:\Engine\DX11\MyEngine\KMyEngineNew\KMyEngine\KMyEngineEditor\Debug\qrc_kmyengineeditor.obj
D:\Engine\DX11\MyEngine\KMyEngineNew\KMyEngine\KMyEngineEditor\Debug\cl.command.1.tlog
D:\Engine\DX11\MyEngine\KMyEngineNew\KMyEngine\KMyEngineEditor\Debug\CL.read.1.tlog
D:\Engine\DX11\MyEngine\KMyEngineNew\KMyEngine\KMyEngineEditor\Debug\CL.write.1.tlog
D:\Engine\DX11\MyEngine\KMyEngineNew\KMyEngine\KMyEngineEditor\Debug\custombuild.command.1.tlog
D:\Engine\DX11\MyEngine\KMyEngineNew\KMyEngine\KMyEngineEditor\Debug\custombuild.read.1.tlog
D:\Engine\DX11\MyEngine\KMyEngineNew\KMyEngine\KMyEngineEditor\Debug\custombuild.write.1.tlog
D:\Engine\DX11\MyEngine\KMyEngineNew\KMyEngine\KMyEngineEditor\Debug\link-cvtres.read.1.tlog
D:\Engine\DX11\MyEngine\KMyEngineNew\KMyEngine\KMyEngineEditor\Debug\link-cvtres.write.1.tlog
D:\Engine\DX11\MyEngine\KMyEngineNew\KMyEngine\KMyEngineEditor\Debug\link-rc.read.1.tlog
D:\Engine\DX11\MyEngine\KMyEngineNew\KMyEngine\KMyEngineEditor\Debug\link-rc.write.1.tlog
D:\Engine\DX11\MyEngine\KMyEngineNew\KMyEngine\KMyEngineEditor\Debug\link.command.1.tlog
D:\Engine\DX11\MyEngine\KMyEngineNew\KMyEngine\KMyEngineEditor\Debug\link.read.1.tlog
D:\Engine\DX11\MyEngine\KMyEngineNew\KMyEngine\KMyEngineEditor\Debug\link.write.1.tlog
D:\Engine\DX11\MyEngine\KMyEngineNew\KMyEngine\KMyEngineEditor\Debug\vc110.pdb
D:\Engine\DX11\MyEngine\KMyEngineNew\KMyEngine\\KMyEngineOutput\Win32\Debug\KMyEngineEditorD.pdb
