D:\ENGINE\DX11\MYENGINE\KMYENGINENEW\KMYENGINENEWFRAME\KMYENGINEEDITOR\DEBUG\QRC_KMYENGINEEDITOR.OBJ
D:\ENGINE\DX11\MYENGINE\KMYENGINENEW\KMYENGINENEWFRAME\KMYENGINEEDITOR\DEBUG\VC110.PDB
D:\ENGINE\DX11\MYENGINE\KMYENGINENEW\KMYENGINENEWFRAME\KMYENGINEEDITOR\DEBUG\MAIN.OBJ
D:\ENGINE\DX11\MYENGINE\KMYENGINENEW\KMYENGINENEWFRAME\KMYENGINEEDITOR\DEBUG\KMYENGINEEDITOR.OBJ
D:\ENGINE\DX11\MYENGINE\KMYENGINENEW\KMYENGINENEWFRAME\KMYENGINEEDITOR\DEBUG\KD3DWIDGET.OBJ
D:\ENGINE\DX11\MYENGINE\KMYENGINENEW\KMYENGINENEWFRAME\KMYENGINEEDITOR\DEBUG\MOC_KMYENGINEEDITOR.OBJ
D:\ENGINE\DX11\MYENGINE\KMYENGINENEW\KMYENGINENEWFRAME\KMYENGINEEDITOR\DEBUG\MOC_KD3DWIDGET.OBJ
D:\ENGINE\DX11\MYENGINE\KMYENGINENEW\KMYENGINENEWFRAME\KMYENGINEEDITOR\DEBUG\KLIGHTINGTEST.OBJ
D:\ENGINE\DX11\MYENGINE\KMYENGINENEW\KMYENGINENEWFRAME\KMYENGINEEDITOR\GENERATEDFILES\DEBUG\MOC_KD3DWIDGET.CPP
D:\ENGINE\DX11\MYENGINE\KMYENGINENEW\KMYENGINENEWFRAME\KMYENGINEEDITOR\GENERATEDFILES\QRC_KMYENGINEEDITOR.CPP
D:\ENGINE\DX11\MYENGINE\KMYENGINENEW\KMYENGINENEWFRAME\KMYENGINEEDITOR\GENERATEDFILES\DEBUG\MOC_KMYENGINEEDITOR.CPP
D:\ENGINE\DX11\MYENGINE\KMYENGINENEW\KMYENGINENEWFRAME\KMYENGINEEDITOR\GENERATEDFILES\UI_KMYENGINEEDITOR.H
D:\ENGINE\DX11\MYENGINE\KMYENGINENEW\KMYENGINENEWFRAME\KMYENGINEOUTPUT\WIN32\DEBUG\KMYENGINEEDITOR.ILK
D:\ENGINE\DX11\MYENGINE\KMYENGINENEW\KMYENGINENEWFRAME\KMYENGINEOUTPUT\WIN32\DEBUG\KMYENGINEEDITOR.EXE
D:\ENGINE\DX11\MYENGINE\KMYENGINENEW\KMYENGINENEWFRAME\KMYENGINEOUTPUT\WIN32\DEBUG\KMYENGINEEDITOR.PDB
D:\Engine\DX11\MyEngine\KMyEngineNew\KMyEngineNewFrame\KMyEngineEditor\Debug\KD3DWidget.obj
D:\Engine\DX11\MyEngine\KMyEngineNew\KMyEngineNewFrame\KMyEngineEditor\Debug\KLightingTest.obj
D:\Engine\DX11\MyEngine\KMyEngineNew\KMyEngineNewFrame\KMyEngineEditor\Debug\kmyengineeditor.obj
D:\Engine\DX11\MyEngine\KMyEngineNew\KMyEngineNewFrame\KMyEngineEditor\Debug\main.obj
D:\Engine\DX11\MyEngine\KMyEngineNew\KMyEngineNewFrame\KMyEngineEditor\Debug\moc_KD3DWidget.obj
D:\Engine\DX11\MyEngine\KMyEngineNew\KMyEngineNewFrame\KMyEngineEditor\Debug\moc_kmyengineeditor.obj
D:\Engine\DX11\MyEngine\KMyEngineNew\KMyEngineNewFrame\KMyEngineEditor\Debug\qrc_kmyengineeditor.obj
D:\Engine\DX11\MyEngine\KMyEngineNew\KMyEngineNewFrame\KMyEngineEditor\Debug\cl.command.1.tlog
D:\Engine\DX11\MyEngine\KMyEngineNew\KMyEngineNewFrame\KMyEngineEditor\Debug\CL.read.1.tlog
D:\Engine\DX11\MyEngine\KMyEngineNew\KMyEngineNewFrame\KMyEngineEditor\Debug\CL.write.1.tlog
D:\Engine\DX11\MyEngine\KMyEngineNew\KMyEngineNewFrame\KMyEngineEditor\Debug\custombuild.command.1.tlog
D:\Engine\DX11\MyEngine\KMyEngineNew\KMyEngineNewFrame\KMyEngineEditor\Debug\custombuild.read.1.tlog
D:\Engine\DX11\MyEngine\KMyEngineNew\KMyEngineNewFrame\KMyEngineEditor\Debug\custombuild.write.1.tlog
D:\Engine\DX11\MyEngine\KMyEngineNew\KMyEngineNewFrame\KMyEngineEditor\Debug\link-cvtres.read.1.tlog
D:\Engine\DX11\MyEngine\KMyEngineNew\KMyEngineNewFrame\KMyEngineEditor\Debug\link-cvtres.write.1.tlog
D:\Engine\DX11\MyEngine\KMyEngineNew\KMyEngineNewFrame\KMyEngineEditor\Debug\link-rc.read.1.tlog
D:\Engine\DX11\MyEngine\KMyEngineNew\KMyEngineNewFrame\KMyEngineEditor\Debug\link-rc.write.1.tlog
D:\Engine\DX11\MyEngine\KMyEngineNew\KMyEngineNewFrame\KMyEngineEditor\Debug\link.12640-cvtres.read.1.tlog
D:\Engine\DX11\MyEngine\KMyEngineNew\KMyEngineNewFrame\KMyEngineEditor\Debug\link.12640-cvtres.write.1.tlog
D:\Engine\DX11\MyEngine\KMyEngineNew\KMyEngineNewFrame\KMyEngineEditor\Debug\link.12640-rc.read.1.tlog
D:\Engine\DX11\MyEngine\KMyEngineNew\KMyEngineNewFrame\KMyEngineEditor\Debug\link.12640-rc.write.1.tlog
D:\Engine\DX11\MyEngine\KMyEngineNew\KMyEngineNewFrame\KMyEngineEditor\Debug\link.12640.read.1.tlog
D:\Engine\DX11\MyEngine\KMyEngineNew\KMyEngineNewFrame\KMyEngineEditor\Debug\link.12640.write.1.tlog
D:\Engine\DX11\MyEngine\KMyEngineNew\KMyEngineNewFrame\KMyEngineEditor\Debug\link.12948-cvtres.read.1.tlog
D:\Engine\DX11\MyEngine\KMyEngineNew\KMyEngineNewFrame\KMyEngineEditor\Debug\link.12948-cvtres.write.1.tlog
D:\Engine\DX11\MyEngine\KMyEngineNew\KMyEngineNewFrame\KMyEngineEditor\Debug\link.12948-rc.read.1.tlog
D:\Engine\DX11\MyEngine\KMyEngineNew\KMyEngineNewFrame\KMyEngineEditor\Debug\link.12948-rc.write.1.tlog
D:\Engine\DX11\MyEngine\KMyEngineNew\KMyEngineNewFrame\KMyEngineEditor\Debug\link.12948.read.1.tlog
D:\Engine\DX11\MyEngine\KMyEngineNew\KMyEngineNewFrame\KMyEngineEditor\Debug\link.12948.write.1.tlog
D:\Engine\DX11\MyEngine\KMyEngineNew\KMyEngineNewFrame\KMyEngineEditor\Debug\link.13992-cvtres.read.1.tlog
D:\Engine\DX11\MyEngine\KMyEngineNew\KMyEngineNewFrame\KMyEngineEditor\Debug\link.13992-cvtres.write.1.tlog
D:\Engine\DX11\MyEngine\KMyEngineNew\KMyEngineNewFrame\KMyEngineEditor\Debug\link.13992-rc.read.1.tlog
D:\Engine\DX11\MyEngine\KMyEngineNew\KMyEngineNewFrame\KMyEngineEditor\Debug\link.13992-rc.write.1.tlog
D:\Engine\DX11\MyEngine\KMyEngineNew\KMyEngineNewFrame\KMyEngineEditor\Debug\link.13992.read.1.tlog
D:\Engine\DX11\MyEngine\KMyEngineNew\KMyEngineNewFrame\KMyEngineEditor\Debug\link.13992.write.1.tlog
D:\Engine\DX11\MyEngine\KMyEngineNew\KMyEngineNewFrame\KMyEngineEditor\Debug\link.14424-cvtres.read.1.tlog
D:\Engine\DX11\MyEngine\KMyEngineNew\KMyEngineNewFrame\KMyEngineEditor\Debug\link.14424-cvtres.write.1.tlog
D:\Engine\DX11\MyEngine\KMyEngineNew\KMyEngineNewFrame\KMyEngineEditor\Debug\link.14424-rc.read.1.tlog
D:\Engine\DX11\MyEngine\KMyEngineNew\KMyEngineNewFrame\KMyEngineEditor\Debug\link.14424-rc.write.1.tlog
D:\Engine\DX11\MyEngine\KMyEngineNew\KMyEngineNewFrame\KMyEngineEditor\Debug\link.14424.read.1.tlog
D:\Engine\DX11\MyEngine\KMyEngineNew\KMyEngineNewFrame\KMyEngineEditor\Debug\link.14424.write.1.tlog
D:\Engine\DX11\MyEngine\KMyEngineNew\KMyEngineNewFrame\KMyEngineEditor\Debug\link.15556-cvtres.read.1.tlog
D:\Engine\DX11\MyEngine\KMyEngineNew\KMyEngineNewFrame\KMyEngineEditor\Debug\link.15556-cvtres.write.1.tlog
D:\Engine\DX11\MyEngine\KMyEngineNew\KMyEngineNewFrame\KMyEngineEditor\Debug\link.15556-rc.read.1.tlog
D:\Engine\DX11\MyEngine\KMyEngineNew\KMyEngineNewFrame\KMyEngineEditor\Debug\link.15556-rc.write.1.tlog
D:\Engine\DX11\MyEngine\KMyEngineNew\KMyEngineNewFrame\KMyEngineEditor\Debug\link.15556.read.1.tlog
D:\Engine\DX11\MyEngine\KMyEngineNew\KMyEngineNewFrame\KMyEngineEditor\Debug\link.15556.write.1.tlog
D:\Engine\DX11\MyEngine\KMyEngineNew\KMyEngineNewFrame\KMyEngineEditor\Debug\link.16408-cvtres.read.1.tlog
D:\Engine\DX11\MyEngine\KMyEngineNew\KMyEngineNewFrame\KMyEngineEditor\Debug\link.16408-cvtres.write.1.tlog
D:\Engine\DX11\MyEngine\KMyEngineNew\KMyEngineNewFrame\KMyEngineEditor\Debug\link.16408-rc.read.1.tlog
D:\Engine\DX11\MyEngine\KMyEngineNew\KMyEngineNewFrame\KMyEngineEditor\Debug\link.16408-rc.write.1.tlog
D:\Engine\DX11\MyEngine\KMyEngineNew\KMyEngineNewFrame\KMyEngineEditor\Debug\link.16408.read.1.tlog
D:\Engine\DX11\MyEngine\KMyEngineNew\KMyEngineNewFrame\KMyEngineEditor\Debug\link.16408.write.1.tlog
D:\Engine\DX11\MyEngine\KMyEngineNew\KMyEngineNewFrame\KMyEngineEditor\Debug\link.17516-cvtres.read.1.tlog
D:\Engine\DX11\MyEngine\KMyEngineNew\KMyEngineNewFrame\KMyEngineEditor\Debug\link.17516-cvtres.write.1.tlog
D:\Engine\DX11\MyEngine\KMyEngineNew\KMyEngineNewFrame\KMyEngineEditor\Debug\link.17516-rc.read.1.tlog
D:\Engine\DX11\MyEngine\KMyEngineNew\KMyEngineNewFrame\KMyEngineEditor\Debug\link.17516-rc.write.1.tlog
D:\Engine\DX11\MyEngine\KMyEngineNew\KMyEngineNewFrame\KMyEngineEditor\Debug\link.17516.read.1.tlog
D:\Engine\DX11\MyEngine\KMyEngineNew\KMyEngineNewFrame\KMyEngineEditor\Debug\link.17516.write.1.tlog
D:\Engine\DX11\MyEngine\KMyEngineNew\KMyEngineNewFrame\KMyEngineEditor\Debug\link.5264-cvtres.read.1.tlog
D:\Engine\DX11\MyEngine\KMyEngineNew\KMyEngineNewFrame\KMyEngineEditor\Debug\link.5264-cvtres.write.1.tlog
D:\Engine\DX11\MyEngine\KMyEngineNew\KMyEngineNewFrame\KMyEngineEditor\Debug\link.5264-rc.read.1.tlog
D:\Engine\DX11\MyEngine\KMyEngineNew\KMyEngineNewFrame\KMyEngineEditor\Debug\link.5264-rc.write.1.tlog
D:\Engine\DX11\MyEngine\KMyEngineNew\KMyEngineNewFrame\KMyEngineEditor\Debug\link.5264.read.1.tlog
D:\Engine\DX11\MyEngine\KMyEngineNew\KMyEngineNewFrame\KMyEngineEditor\Debug\link.5264.write.1.tlog
D:\Engine\DX11\MyEngine\KMyEngineNew\KMyEngineNewFrame\KMyEngineEditor\Debug\link.8492-cvtres.read.1.tlog
D:\Engine\DX11\MyEngine\KMyEngineNew\KMyEngineNewFrame\KMyEngineEditor\Debug\link.8492-cvtres.write.1.tlog
D:\Engine\DX11\MyEngine\KMyEngineNew\KMyEngineNewFrame\KMyEngineEditor\Debug\link.8492-rc.read.1.tlog
D:\Engine\DX11\MyEngine\KMyEngineNew\KMyEngineNewFrame\KMyEngineEditor\Debug\link.8492-rc.write.1.tlog
D:\Engine\DX11\MyEngine\KMyEngineNew\KMyEngineNewFrame\KMyEngineEditor\Debug\link.8492.read.1.tlog
D:\Engine\DX11\MyEngine\KMyEngineNew\KMyEngineNewFrame\KMyEngineEditor\Debug\link.8492.write.1.tlog
D:\Engine\DX11\MyEngine\KMyEngineNew\KMyEngineNewFrame\KMyEngineEditor\Debug\link.command.1.tlog
D:\Engine\DX11\MyEngine\KMyEngineNew\KMyEngineNewFrame\KMyEngineEditor\Debug\link.read.1.tlog
D:\Engine\DX11\MyEngine\KMyEngineNew\KMyEngineNewFrame\KMyEngineEditor\Debug\link.write.1.tlog
D:\Engine\DX11\MyEngine\KMyEngineNew\KMyEngineNewFrame\KMyEngineEditor\Debug\vc110.pdb
D:\Engine\DX11\MyEngine\KMyEngineNew\KMyEngineNewFrame\\KMyEngineOutput\Win32\Debug\KMyEngineEditor.pdb
D:\Engine\DX11\MyEngine\KMyEngineNew\KMyEngineNewFrame\\KMyEngineOutput\Win32\Debug\KMyEngineEditor.exe
D:\Engine\DX11\MyEngine\KMyEngineNew\KMyEngineNewFrame\\KMyEngineOutput\Win32\Debug\KMyEngineEditor.ilk
