生成启动时间为 2015/12/24 21:08:02。
     1>项目“D:\Engine\DX11\MyEngine\KMyEngineNew\KMyEngineNewFrame\KMyEngine\KMyEngine.vcxproj”在节点 2 上(Build 个目标)。
     1>ClCompile:
         E:\Program Files (x86)\Microsoft Visual Studio 11.0\VC\bin\CL.exe /c /ZI /nologo /W3 /WX- /Od /Oy- /D WIN32 /D _DEBUG /D _WINDOWS /D _WINDLL /D _UNICODE /D UNICODE /Gm /EHsc /RTC1 /MDd /GS /fp:precise /Zc:wchar_t /Zc:forScope /Fo"Debug\\" /Fd"Debug\vc110.pdb" /Gd /TP /analyze- /errorReport:prompt DeferredShading\DeferredShaderClass.cpp DeferredShading\DeferredShadingBloom.cpp DeferredShading\DeferredShadingEdgeDetectAAClass.cpp DeferredShading\DeferredShadingLightShaderClass.cpp DeferredShading\DeferredShadingMergeOutput.cpp
         DeferredShadingMergeOutput.cpp
     1>c:\program files (x86)\microsoft directx sdk (june 2010)\include\dxgitype.h(12): warning C4005: “DXGI_STATUS_OCCLUDED”: 宏重定义
                 c:\program files (x86)\windows kits\8.0\include\shared\winerror.h(49449) : 参见“DXGI_STATUS_OCCLUDED”的前一个定义
     1>c:\program files (x86)\microsoft directx sdk (june 2010)\include\dxgitype.h(13): warning C4005: “DXGI_STATUS_CLIPPED”: 宏重定义
                 c:\program files (x86)\windows kits\8.0\include\shared\winerror.h(49458) : 参见“DXGI_STATUS_CLIPPED”的前一个定义
     1>c:\program files (x86)\microsoft directx sdk (june 2010)\include\dxgitype.h(14): warning C4005: “DXGI_STATUS_NO_REDIRECTION”: 宏重定义
                 c:\program files (x86)\windows kits\8.0\include\shared\winerror.h(49467) : 参见“DXGI_STATUS_NO_REDIRECTION”的前一个定义
     1>c:\program files (x86)\microsoft directx sdk (june 2010)\include\dxgitype.h(15): warning C4005: “DXGI_STATUS_NO_DESKTOP_ACCESS”: 宏重定义
                 c:\program files (x86)\windows kits\8.0\include\shared\winerror.h(49476) : 参见“DXGI_STATUS_NO_DESKTOP_ACCESS”的前一个定义
     1>c:\program files (x86)\microsoft directx sdk (june 2010)\include\dxgitype.h(16): warning C4005: “DXGI_STATUS_GRAPHICS_VIDPN_SOURCE_IN_USE”: 宏重定义
                 c:\program files (x86)\windows kits\8.0\include\shared\winerror.h(49485) : 参见“DXGI_STATUS_GRAPHICS_VIDPN_SOURCE_IN_USE”的前一个定义
     1>c:\program files (x86)\microsoft directx sdk (june 2010)\include\dxgitype.h(17): warning C4005: “DXGI_STATUS_MODE_CHANGED”: 宏重定义
                 c:\program files (x86)\windows kits\8.0\include\shared\winerror.h(49494) : 参见“DXGI_STATUS_MODE_CHANGED”的前一个定义
     1>c:\program files (x86)\microsoft directx sdk (june 2010)\include\dxgitype.h(18): warning C4005: “DXGI_STATUS_MODE_CHANGE_IN_PROGRESS”: 宏重定义
                 c:\program files (x86)\windows kits\8.0\include\shared\winerror.h(49503) : 参见“DXGI_STATUS_MODE_CHANGE_IN_PROGRESS”的前一个定义
     1>c:\program files (x86)\microsoft directx sdk (june 2010)\include\dxgitype.h(21): warning C4005: “DXGI_ERROR_INVALID_CALL”: 宏重定义
                 c:\program files (x86)\windows kits\8.0\include\shared\winerror.h(49518) : 参见“DXGI_ERROR_INVALID_CALL”的前一个定义
     1>c:\program files (x86)\microsoft directx sdk (june 2010)\include\dxgitype.h(22): warning C4005: “DXGI_ERROR_NOT_FOUND”: 宏重定义
                 c:\program files (x86)\windows kits\8.0\include\shared\winerror.h(49527) : 参见“DXGI_ERROR_NOT_FOUND”的前一个定义
     1>c:\program files (x86)\microsoft directx sdk (june 2010)\include\dxgitype.h(23): warning C4005: “DXGI_ERROR_MORE_DATA”: 宏重定义
                 c:\program files (x86)\windows kits\8.0\include\shared\winerror.h(49536) : 参见“DXGI_ERROR_MORE_DATA”的前一个定义
     1>c:\program files (x86)\microsoft directx sdk (june 2010)\include\dxgitype.h(24): warning C4005: “DXGI_ERROR_UNSUPPORTED”: 宏重定义
                 c:\program files (x86)\windows kits\8.0\include\shared\winerror.h(49545) : 参见“DXGI_ERROR_UNSUPPORTED”的前一个定义
     1>c:\program files (x86)\microsoft directx sdk (june 2010)\include\dxgitype.h(25): warning C4005: “DXGI_ERROR_DEVICE_REMOVED”: 宏重定义
                 c:\program files (x86)\windows kits\8.0\include\shared\winerror.h(49554) : 参见“DXGI_ERROR_DEVICE_REMOVED”的前一个定义
     1>c:\program files (x86)\microsoft directx sdk (june 2010)\include\dxgitype.h(26): warning C4005: “DXGI_ERROR_DEVICE_HUNG”: 宏重定义
                 c:\program files (x86)\windows kits\8.0\include\shared\winerror.h(49563) : 参见“DXGI_ERROR_DEVICE_HUNG”的前一个定义
     1>c:\program files (x86)\microsoft directx sdk (june 2010)\include\dxgitype.h(27): warning C4005: “DXGI_ERROR_DEVICE_RESET”: 宏重定义
                 c:\program files (x86)\windows kits\8.0\include\shared\winerror.h(49573) : 参见“DXGI_ERROR_DEVICE_RESET”的前一个定义
     1>c:\program files (x86)\microsoft directx sdk (june 2010)\include\dxgitype.h(28): warning C4005: “DXGI_ERROR_WAS_STILL_DRAWING”: 宏重定义
                 c:\program files (x86)\windows kits\8.0\include\shared\winerror.h(49582) : 参见“DXGI_ERROR_WAS_STILL_DRAWING”的前一个定义
     1>c:\program files (x86)\microsoft directx sdk (june 2010)\include\dxgitype.h(29): warning C4005: “DXGI_ERROR_FRAME_STATISTICS_DISJOINT”: 宏重定义
                 c:\program files (x86)\windows kits\8.0\include\shared\winerror.h(49592) : 参见“DXGI_ERROR_FRAME_STATISTICS_DISJOINT”的前一个定义
     1>c:\program files (x86)\microsoft directx sdk (june 2010)\include\dxgitype.h(30): warning C4005: “DXGI_ERROR_GRAPHICS_VIDPN_SOURCE_IN_USE”: 宏重定义
                 c:\program files (x86)\windows kits\8.0\include\shared\winerror.h(49601) : 参见“DXGI_ERROR_GRAPHICS_VIDPN_SOURCE_IN_USE”的前一个定义
     1>c:\program files (x86)\microsoft directx sdk (june 2010)\include\dxgitype.h(31): warning C4005: “DXGI_ERROR_DRIVER_INTERNAL_ERROR”: 宏重定义
                 c:\program files (x86)\windows kits\8.0\include\shared\winerror.h(49611) : 参见“DXGI_ERROR_DRIVER_INTERNAL_ERROR”的前一个定义
     1>c:\program files (x86)\microsoft directx sdk (june 2010)\include\dxgitype.h(32): warning C4005: “DXGI_ERROR_NONEXCLUSIVE”: 宏重定义
                 c:\program files (x86)\windows kits\8.0\include\shared\winerror.h(49620) : 参见“DXGI_ERROR_NONEXCLUSIVE”的前一个定义
     1>c:\program files (x86)\microsoft directx sdk (june 2010)\include\dxgitype.h(33): warning C4005: “DXGI_ERROR_NOT_CURRENTLY_AVAILABLE”: 宏重定义
                 c:\program files (x86)\windows kits\8.0\include\shared\winerror.h(49629) : 参见“DXGI_ERROR_NOT_CURRENTLY_AVAILABLE”的前一个定义
     1>c:\program files (x86)\microsoft directx sdk (june 2010)\include\dxgitype.h(34): warning C4005: “DXGI_ERROR_REMOTE_CLIENT_DISCONNECTED”: 宏重定义
                 c:\program files (x86)\windows kits\8.0\include\shared\winerror.h(49639) : 参见“DXGI_ERROR_REMOTE_CLIENT_DISCONNECTED”的前一个定义
     1>c:\program files (x86)\microsoft directx sdk (june 2010)\include\dxgitype.h(35): warning C4005: “DXGI_ERROR_REMOTE_OUTOFMEMORY”: 宏重定义
                 c:\program files (x86)\windows kits\8.0\include\shared\winerror.h(49648) : 参见“DXGI_ERROR_REMOTE_OUTOFMEMORY”的前一个定义
     1>c:\program files (x86)\microsoft directx sdk (june 2010)\include\d3d11.h(917): warning C4005: “D3D11_ERROR_TOO_MANY_UNIQUE_STATE_OBJECTS”: 宏重定义
                 c:\program files (x86)\windows kits\8.0\include\shared\winerror.h(49817) : 参见“D3D11_ERROR_TOO_MANY_UNIQUE_STATE_OBJECTS”的前一个定义
     1>c:\program files (x86)\microsoft directx sdk (june 2010)\include\d3d11.h(918): warning C4005: “D3D11_ERROR_FILE_NOT_FOUND”: 宏重定义
                 c:\program files (x86)\windows kits\8.0\include\shared\winerror.h(49826) : 参见“D3D11_ERROR_FILE_NOT_FOUND”的前一个定义
     1>c:\program files (x86)\microsoft directx sdk (june 2010)\include\d3d11.h(919): warning C4005: “D3D11_ERROR_TOO_MANY_UNIQUE_VIEW_OBJECTS”: 宏重定义
                 c:\program files (x86)\windows kits\8.0\include\shared\winerror.h(49836) : 参见“D3D11_ERROR_TOO_MANY_UNIQUE_VIEW_OBJECTS”的前一个定义
     1>c:\program files (x86)\microsoft directx sdk (june 2010)\include\d3d11.h(920): warning C4005: “D3D11_ERROR_DEFERRED_CONTEXT_MAP_WITHOUT_INITIAL_DISCARD”: 宏重定义
                 c:\program files (x86)\windows kits\8.0\include\shared\winerror.h(49845) : 参见“D3D11_ERROR_DEFERRED_CONTEXT_MAP_WITHOUT_INITIAL_DISCARD”的前一个定义
     1>c:\program files (x86)\microsoft directx sdk (june 2010)\include\d3d10.h(608): warning C4005: “D3D10_ERROR_TOO_MANY_UNIQUE_STATE_OBJECTS”: 宏重定义
                 c:\program files (x86)\windows kits\8.0\include\shared\winerror.h(49793) : 参见“D3D10_ERROR_TOO_MANY_UNIQUE_STATE_OBJECTS”的前一个定义
     1>c:\program files (x86)\microsoft directx sdk (june 2010)\include\d3d10.h(609): warning C4005: “D3D10_ERROR_FILE_NOT_FOUND”: 宏重定义
                 c:\program files (x86)\windows kits\8.0\include\shared\winerror.h(49802) : 参见“D3D10_ERROR_FILE_NOT_FOUND”的前一个定义
     1>d:\engine\dx11\myengine\kmyenginenew\kmyenginenewframe\kmyengine\deferredshading\deferredshadingmergeoutput.cpp(87): warning C4101: “matrixBufferDesc”: 未引用的局部变量
     1>d:\engine\dx11\myengine\kmyenginenew\kmyenginenewframe\kmyengine\deferredshading\deferredshadingmergeoutput.cpp(217): warning C4101: “mappedResource”: 未引用的局部变量
     1>d:\engine\dx11\myengine\kmyenginenew\kmyenginenewframe\kmyengine\deferredshading\deferredshadingmergeoutput.cpp(216): warning C4101: “result”: 未引用的局部变量
         DeferredShadingLightShaderClass.cpp
     1>c:\program files (x86)\microsoft directx sdk (june 2010)\include\dxgitype.h(12): warning C4005: “DXGI_STATUS_OCCLUDED”: 宏重定义
                 c:\program files (x86)\windows kits\8.0\include\shared\winerror.h(49449) : 参见“DXGI_STATUS_OCCLUDED”的前一个定义
     1>c:\program files (x86)\microsoft directx sdk (june 2010)\include\dxgitype.h(13): warning C4005: “DXGI_STATUS_CLIPPED”: 宏重定义
                 c:\program files (x86)\windows kits\8.0\include\shared\winerror.h(49458) : 参见“DXGI_STATUS_CLIPPED”的前一个定义
     1>c:\program files (x86)\microsoft directx sdk (june 2010)\include\dxgitype.h(14): warning C4005: “DXGI_STATUS_NO_REDIRECTION”: 宏重定义
                 c:\program files (x86)\windows kits\8.0\include\shared\winerror.h(49467) : 参见“DXGI_STATUS_NO_REDIRECTION”的前一个定义
     1>c:\program files (x86)\microsoft directx sdk (june 2010)\include\dxgitype.h(15): warning C4005: “DXGI_STATUS_NO_DESKTOP_ACCESS”: 宏重定义
                 c:\program files (x86)\windows kits\8.0\include\shared\winerror.h(49476) : 参见“DXGI_STATUS_NO_DESKTOP_ACCESS”的前一个定义
     1>c:\program files (x86)\microsoft directx sdk (june 2010)\include\dxgitype.h(16): warning C4005: “DXGI_STATUS_GRAPHICS_VIDPN_SOURCE_IN_USE”: 宏重定义
                 c:\program files (x86)\windows kits\8.0\include\shared\winerror.h(49485) : 参见“DXGI_STATUS_GRAPHICS_VIDPN_SOURCE_IN_USE”的前一个定义
     1>c:\program files (x86)\microsoft directx sdk (june 2010)\include\dxgitype.h(17): warning C4005: “DXGI_STATUS_MODE_CHANGED”: 宏重定义
                 c:\program files (x86)\windows kits\8.0\include\shared\winerror.h(49494) : 参见“DXGI_STATUS_MODE_CHANGED”的前一个定义
     1>c:\program files (x86)\microsoft directx sdk (june 2010)\include\dxgitype.h(18): warning C4005: “DXGI_STATUS_MODE_CHANGE_IN_PROGRESS”: 宏重定义
                 c:\program files (x86)\windows kits\8.0\include\shared\winerror.h(49503) : 参见“DXGI_STATUS_MODE_CHANGE_IN_PROGRESS”的前一个定义
     1>c:\program files (x86)\microsoft directx sdk (june 2010)\include\dxgitype.h(21): warning C4005: “DXGI_ERROR_INVALID_CALL”: 宏重定义
                 c:\program files (x86)\windows kits\8.0\include\shared\winerror.h(49518) : 参见“DXGI_ERROR_INVALID_CALL”的前一个定义
     1>c:\program files (x86)\microsoft directx sdk (june 2010)\include\dxgitype.h(22): warning C4005: “DXGI_ERROR_NOT_FOUND”: 宏重定义
                 c:\program files (x86)\windows kits\8.0\include\shared\winerror.h(49527) : 参见“DXGI_ERROR_NOT_FOUND”的前一个定义
     1>c:\program files (x86)\microsoft directx sdk (june 2010)\include\dxgitype.h(23): warning C4005: “DXGI_ERROR_MORE_DATA”: 宏重定义
                 c:\program files (x86)\windows kits\8.0\include\shared\winerror.h(49536) : 参见“DXGI_ERROR_MORE_DATA”的前一个定义
     1>c:\program files (x86)\microsoft directx sdk (june 2010)\include\dxgitype.h(24): warning C4005: “DXGI_ERROR_UNSUPPORTED”: 宏重定义
                 c:\program files (x86)\windows kits\8.0\include\shared\winerror.h(49545) : 参见“DXGI_ERROR_UNSUPPORTED”的前一个定义
     1>c:\program files (x86)\microsoft directx sdk (june 2010)\include\dxgitype.h(25): warning C4005: “DXGI_ERROR_DEVICE_REMOVED”: 宏重定义
                 c:\program files (x86)\windows kits\8.0\include\shared\winerror.h(49554) : 参见“DXGI_ERROR_DEVICE_REMOVED”的前一个定义
     1>c:\program files (x86)\microsoft directx sdk (june 2010)\include\dxgitype.h(26): warning C4005: “DXGI_ERROR_DEVICE_HUNG”: 宏重定义
                 c:\program files (x86)\windows kits\8.0\include\shared\winerror.h(49563) : 参见“DXGI_ERROR_DEVICE_HUNG”的前一个定义
     1>c:\program files (x86)\microsoft directx sdk (june 2010)\include\dxgitype.h(27): warning C4005: “DXGI_ERROR_DEVICE_RESET”: 宏重定义
                 c:\program files (x86)\windows kits\8.0\include\shared\winerror.h(49573) : 参见“DXGI_ERROR_DEVICE_RESET”的前一个定义
     1>c:\program files (x86)\microsoft directx sdk (june 2010)\include\dxgitype.h(28): warning C4005: “DXGI_ERROR_WAS_STILL_DRAWING”: 宏重定义
                 c:\program files (x86)\windows kits\8.0\include\shared\winerror.h(49582) : 参见“DXGI_ERROR_WAS_STILL_DRAWING”的前一个定义
     1>c:\program files (x86)\microsoft directx sdk (june 2010)\include\dxgitype.h(29): warning C4005: “DXGI_ERROR_FRAME_STATISTICS_DISJOINT”: 宏重定义
                 c:\program files (x86)\windows kits\8.0\include\shared\winerror.h(49592) : 参见“DXGI_ERROR_FRAME_STATISTICS_DISJOINT”的前一个定义
     1>c:\program files (x86)\microsoft directx sdk (june 2010)\include\dxgitype.h(30): warning C4005: “DXGI_ERROR_GRAPHICS_VIDPN_SOURCE_IN_USE”: 宏重定义
                 c:\program files (x86)\windows kits\8.0\include\shared\winerror.h(49601) : 参见“DXGI_ERROR_GRAPHICS_VIDPN_SOURCE_IN_USE”的前一个定义
     1>c:\program files (x86)\microsoft directx sdk (june 2010)\include\dxgitype.h(31): warning C4005: “DXGI_ERROR_DRIVER_INTERNAL_ERROR”: 宏重定义
                 c:\program files (x86)\windows kits\8.0\include\shared\winerror.h(49611) : 参见“DXGI_ERROR_DRIVER_INTERNAL_ERROR”的前一个定义
     1>c:\program files (x86)\microsoft directx sdk (june 2010)\include\dxgitype.h(32): warning C4005: “DXGI_ERROR_NONEXCLUSIVE”: 宏重定义
                 c:\program files (x86)\windows kits\8.0\include\shared\winerror.h(49620) : 参见“DXGI_ERROR_NONEXCLUSIVE”的前一个定义
     1>c:\program files (x86)\microsoft directx sdk (june 2010)\include\dxgitype.h(33): warning C4005: “DXGI_ERROR_NOT_CURRENTLY_AVAILABLE”: 宏重定义
                 c:\program files (x86)\windows kits\8.0\include\shared\winerror.h(49629) : 参见“DXGI_ERROR_NOT_CURRENTLY_AVAILABLE”的前一个定义
     1>c:\program files (x86)\microsoft directx sdk (june 2010)\include\dxgitype.h(34): warning C4005: “DXGI_ERROR_REMOTE_CLIENT_DISCONNECTED”: 宏重定义
                 c:\program files (x86)\windows kits\8.0\include\shared\winerror.h(49639) : 参见“DXGI_ERROR_REMOTE_CLIENT_DISCONNECTED”的前一个定义
     1>c:\program files (x86)\microsoft directx sdk (june 2010)\include\dxgitype.h(35): warning C4005: “DXGI_ERROR_REMOTE_OUTOFMEMORY”: 宏重定义
                 c:\program files (x86)\windows kits\8.0\include\shared\winerror.h(49648) : 参见“DXGI_ERROR_REMOTE_OUTOFMEMORY”的前一个定义
     1>c:\program files (x86)\microsoft directx sdk (june 2010)\include\d3d11.h(917): warning C4005: “D3D11_ERROR_TOO_MANY_UNIQUE_STATE_OBJECTS”: 宏重定义
                 c:\program files (x86)\windows kits\8.0\include\shared\winerror.h(49817) : 参见“D3D11_ERROR_TOO_MANY_UNIQUE_STATE_OBJECTS”的前一个定义
     1>c:\program files (x86)\microsoft directx sdk (june 2010)\include\d3d11.h(918): warning C4005: “D3D11_ERROR_FILE_NOT_FOUND”: 宏重定义
                 c:\program files (x86)\windows kits\8.0\include\shared\winerror.h(49826) : 参见“D3D11_ERROR_FILE_NOT_FOUND”的前一个定义
     1>c:\program files (x86)\microsoft directx sdk (june 2010)\include\d3d11.h(919): warning C4005: “D3D11_ERROR_TOO_MANY_UNIQUE_VIEW_OBJECTS”: 宏重定义
                 c:\program files (x86)\windows kits\8.0\include\shared\winerror.h(49836) : 参见“D3D11_ERROR_TOO_MANY_UNIQUE_VIEW_OBJECTS”的前一个定义
     1>c:\program files (x86)\microsoft directx sdk (june 2010)\include\d3d11.h(920): warning C4005: “D3D11_ERROR_DEFERRED_CONTEXT_MAP_WITHOUT_INITIAL_DISCARD”: 宏重定义
                 c:\program files (x86)\windows kits\8.0\include\shared\winerror.h(49845) : 参见“D3D11_ERROR_DEFERRED_CONTEXT_MAP_WITHOUT_INITIAL_DISCARD”的前一个定义
     1>c:\program files (x86)\microsoft directx sdk (june 2010)\include\d3d10.h(608): warning C4005: “D3D10_ERROR_TOO_MANY_UNIQUE_STATE_OBJECTS”: 宏重定义
                 c:\program files (x86)\windows kits\8.0\include\shared\winerror.h(49793) : 参见“D3D10_ERROR_TOO_MANY_UNIQUE_STATE_OBJECTS”的前一个定义
     1>c:\program files (x86)\microsoft directx sdk (june 2010)\include\d3d10.h(609): warning C4005: “D3D10_ERROR_FILE_NOT_FOUND”: 宏重定义
                 c:\program files (x86)\windows kits\8.0\include\shared\winerror.h(49802) : 参见“D3D10_ERROR_FILE_NOT_FOUND”的前一个定义
     1>d:\engine\dx11\myengine\kmyenginenew\kmyenginenewframe\kmyengine\deferredshading\deferredshadinglightshaderclass.cpp(84): warning C4101: “numElements”: 未引用的局部变量
     1>d:\engine\dx11\myengine\kmyenginenew\kmyenginenewframe\kmyengine\deferredshading\deferredshadinglightshaderclass.cpp(245): warning C4101: “result”: 未引用的局部变量
     1>d:\engine\dx11\myengine\kmyenginenew\kmyenginenewframe\kmyengine\deferredshading\deferredshadinglightshaderclass.cpp(272): warning C4101: “result”: 未引用的局部变量
         DeferredShadingEdgeDetectAAClass.cpp
     1>c:\program files (x86)\microsoft directx sdk (june 2010)\include\dxgitype.h(12): warning C4005: “DXGI_STATUS_OCCLUDED”: 宏重定义
                 c:\program files (x86)\windows kits\8.0\include\shared\winerror.h(49449) : 参见“DXGI_STATUS_OCCLUDED”的前一个定义
     1>c:\program files (x86)\microsoft directx sdk (june 2010)\include\dxgitype.h(13): warning C4005: “DXGI_STATUS_CLIPPED”: 宏重定义
                 c:\program files (x86)\windows kits\8.0\include\shared\winerror.h(49458) : 参见“DXGI_STATUS_CLIPPED”的前一个定义
     1>c:\program files (x86)\microsoft directx sdk (june 2010)\include\dxgitype.h(14): warning C4005: “DXGI_STATUS_NO_REDIRECTION”: 宏重定义
                 c:\program files (x86)\windows kits\8.0\include\shared\winerror.h(49467) : 参见“DXGI_STATUS_NO_REDIRECTION”的前一个定义
     1>c:\program files (x86)\microsoft directx sdk (june 2010)\include\dxgitype.h(15): warning C4005: “DXGI_STATUS_NO_DESKTOP_ACCESS”: 宏重定义
                 c:\program files (x86)\windows kits\8.0\include\shared\winerror.h(49476) : 参见“DXGI_STATUS_NO_DESKTOP_ACCESS”的前一个定义
     1>c:\program files (x86)\microsoft directx sdk (june 2010)\include\dxgitype.h(16): warning C4005: “DXGI_STATUS_GRAPHICS_VIDPN_SOURCE_IN_USE”: 宏重定义
                 c:\program files (x86)\windows kits\8.0\include\shared\winerror.h(49485) : 参见“DXGI_STATUS_GRAPHICS_VIDPN_SOURCE_IN_USE”的前一个定义
     1>c:\program files (x86)\microsoft directx sdk (june 2010)\include\dxgitype.h(17): warning C4005: “DXGI_STATUS_MODE_CHANGED”: 宏重定义
                 c:\program files (x86)\windows kits\8.0\include\shared\winerror.h(49494) : 参见“DXGI_STATUS_MODE_CHANGED”的前一个定义
     1>c:\program files (x86)\microsoft directx sdk (june 2010)\include\dxgitype.h(18): warning C4005: “DXGI_STATUS_MODE_CHANGE_IN_PROGRESS”: 宏重定义
                 c:\program files (x86)\windows kits\8.0\include\shared\winerror.h(49503) : 参见“DXGI_STATUS_MODE_CHANGE_IN_PROGRESS”的前一个定义
     1>c:\program files (x86)\microsoft directx sdk (june 2010)\include\dxgitype.h(21): warning C4005: “DXGI_ERROR_INVALID_CALL”: 宏重定义
                 c:\program files (x86)\windows kits\8.0\include\shared\winerror.h(49518) : 参见“DXGI_ERROR_INVALID_CALL”的前一个定义
     1>c:\program files (x86)\microsoft directx sdk (june 2010)\include\dxgitype.h(22): warning C4005: “DXGI_ERROR_NOT_FOUND”: 宏重定义
                 c:\program files (x86)\windows kits\8.0\include\shared\winerror.h(49527) : 参见“DXGI_ERROR_NOT_FOUND”的前一个定义
     1>c:\program files (x86)\microsoft directx sdk (june 2010)\include\dxgitype.h(23): warning C4005: “DXGI_ERROR_MORE_DATA”: 宏重定义
                 c:\program files (x86)\windows kits\8.0\include\shared\winerror.h(49536) : 参见“DXGI_ERROR_MORE_DATA”的前一个定义
     1>c:\program files (x86)\microsoft directx sdk (june 2010)\include\dxgitype.h(24): warning C4005: “DXGI_ERROR_UNSUPPORTED”: 宏重定义
                 c:\program files (x86)\windows kits\8.0\include\shared\winerror.h(49545) : 参见“DXGI_ERROR_UNSUPPORTED”的前一个定义
     1>c:\program files (x86)\microsoft directx sdk (june 2010)\include\dxgitype.h(25): warning C4005: “DXGI_ERROR_DEVICE_REMOVED”: 宏重定义
                 c:\program files (x86)\windows kits\8.0\include\shared\winerror.h(49554) : 参见“DXGI_ERROR_DEVICE_REMOVED”的前一个定义
     1>c:\program files (x86)\microsoft directx sdk (june 2010)\include\dxgitype.h(26): warning C4005: “DXGI_ERROR_DEVICE_HUNG”: 宏重定义
                 c:\program files (x86)\windows kits\8.0\include\shared\winerror.h(49563) : 参见“DXGI_ERROR_DEVICE_HUNG”的前一个定义
     1>c:\program files (x86)\microsoft directx sdk (june 2010)\include\dxgitype.h(27): warning C4005: “DXGI_ERROR_DEVICE_RESET”: 宏重定义
                 c:\program files (x86)\windows kits\8.0\include\shared\winerror.h(49573) : 参见“DXGI_ERROR_DEVICE_RESET”的前一个定义
     1>c:\program files (x86)\microsoft directx sdk (june 2010)\include\dxgitype.h(28): warning C4005: “DXGI_ERROR_WAS_STILL_DRAWING”: 宏重定义
                 c:\program files (x86)\windows kits\8.0\include\shared\winerror.h(49582) : 参见“DXGI_ERROR_WAS_STILL_DRAWING”的前一个定义
     1>c:\program files (x86)\microsoft directx sdk (june 2010)\include\dxgitype.h(29): warning C4005: “DXGI_ERROR_FRAME_STATISTICS_DISJOINT”: 宏重定义
                 c:\program files (x86)\windows kits\8.0\include\shared\winerror.h(49592) : 参见“DXGI_ERROR_FRAME_STATISTICS_DISJOINT”的前一个定义
     1>c:\program files (x86)\microsoft directx sdk (june 2010)\include\dxgitype.h(30): warning C4005: “DXGI_ERROR_GRAPHICS_VIDPN_SOURCE_IN_USE”: 宏重定义
                 c:\program files (x86)\windows kits\8.0\include\shared\winerror.h(49601) : 参见“DXGI_ERROR_GRAPHICS_VIDPN_SOURCE_IN_USE”的前一个定义
     1>c:\program files (x86)\microsoft directx sdk (june 2010)\include\dxgitype.h(31): warning C4005: “DXGI_ERROR_DRIVER_INTERNAL_ERROR”: 宏重定义
                 c:\program files (x86)\windows kits\8.0\include\shared\winerror.h(49611) : 参见“DXGI_ERROR_DRIVER_INTERNAL_ERROR”的前一个定义
     1>c:\program files (x86)\microsoft directx sdk (june 2010)\include\dxgitype.h(32): warning C4005: “DXGI_ERROR_NONEXCLUSIVE”: 宏重定义
                 c:\program files (x86)\windows kits\8.0\include\shared\winerror.h(49620) : 参见“DXGI_ERROR_NONEXCLUSIVE”的前一个定义
     1>c:\program files (x86)\microsoft directx sdk (june 2010)\include\dxgitype.h(33): warning C4005: “DXGI_ERROR_NOT_CURRENTLY_AVAILABLE”: 宏重定义
                 c:\program files (x86)\windows kits\8.0\include\shared\winerror.h(49629) : 参见“DXGI_ERROR_NOT_CURRENTLY_AVAILABLE”的前一个定义
     1>c:\program files (x86)\microsoft directx sdk (june 2010)\include\dxgitype.h(34): warning C4005: “DXGI_ERROR_REMOTE_CLIENT_DISCONNECTED”: 宏重定义
                 c:\program files (x86)\windows kits\8.0\include\shared\winerror.h(49639) : 参见“DXGI_ERROR_REMOTE_CLIENT_DISCONNECTED”的前一个定义
     1>c:\program files (x86)\microsoft directx sdk (june 2010)\include\dxgitype.h(35): warning C4005: “DXGI_ERROR_REMOTE_OUTOFMEMORY”: 宏重定义
                 c:\program files (x86)\windows kits\8.0\include\shared\winerror.h(49648) : 参见“DXGI_ERROR_REMOTE_OUTOFMEMORY”的前一个定义
     1>c:\program files (x86)\microsoft directx sdk (june 2010)\include\d3d11.h(917): warning C4005: “D3D11_ERROR_TOO_MANY_UNIQUE_STATE_OBJECTS”: 宏重定义
                 c:\program files (x86)\windows kits\8.0\include\shared\winerror.h(49817) : 参见“D3D11_ERROR_TOO_MANY_UNIQUE_STATE_OBJECTS”的前一个定义
     1>c:\program files (x86)\microsoft directx sdk (june 2010)\include\d3d11.h(918): warning C4005: “D3D11_ERROR_FILE_NOT_FOUND”: 宏重定义
                 c:\program files (x86)\windows kits\8.0\include\shared\winerror.h(49826) : 参见“D3D11_ERROR_FILE_NOT_FOUND”的前一个定义
     1>c:\program files (x86)\microsoft directx sdk (june 2010)\include\d3d11.h(919): warning C4005: “D3D11_ERROR_TOO_MANY_UNIQUE_VIEW_OBJECTS”: 宏重定义
                 c:\program files (x86)\windows kits\8.0\include\shared\winerror.h(49836) : 参见“D3D11_ERROR_TOO_MANY_UNIQUE_VIEW_OBJECTS”的前一个定义
     1>c:\program files (x86)\microsoft directx sdk (june 2010)\include\d3d11.h(920): warning C4005: “D3D11_ERROR_DEFERRED_CONTEXT_MAP_WITHOUT_INITIAL_DISCARD”: 宏重定义
                 c:\program files (x86)\windows kits\8.0\include\shared\winerror.h(49845) : 参见“D3D11_ERROR_DEFERRED_CONTEXT_MAP_WITHOUT_INITIAL_DISCARD”的前一个定义
     1>c:\program files (x86)\microsoft directx sdk (june 2010)\include\d3d10.h(608): warning C4005: “D3D10_ERROR_TOO_MANY_UNIQUE_STATE_OBJECTS”: 宏重定义
                 c:\program files (x86)\windows kits\8.0\include\shared\winerror.h(49793) : 参见“D3D10_ERROR_TOO_MANY_UNIQUE_STATE_OBJECTS”的前一个定义
     1>c:\program files (x86)\microsoft directx sdk (june 2010)\include\d3d10.h(609): warning C4005: “D3D10_ERROR_FILE_NOT_FOUND”: 宏重定义
                 c:\program files (x86)\windows kits\8.0\include\shared\winerror.h(49802) : 参见“D3D10_ERROR_FILE_NOT_FOUND”的前一个定义
     1>d:\engine\dx11\myengine\kmyenginenew\kmyenginenewframe\kmyengine\deferredshading\deferredshadingedgedetectaaclass.cpp(222): warning C4244: “参数”: 从“double”转换到“FLOAT”，可能丢失数据
     1>d:\engine\dx11\myengine\kmyenginenew\kmyenginenewframe\kmyengine\deferredshading\deferredshadingedgedetectaaclass.cpp(209): warning C4101: “result”: 未引用的局部变量
         DeferredShadingBloom.cpp
     1>c:\program files (x86)\microsoft directx sdk (june 2010)\include\dxgitype.h(12): warning C4005: “DXGI_STATUS_OCCLUDED”: 宏重定义
                 c:\program files (x86)\windows kits\8.0\include\shared\winerror.h(49449) : 参见“DXGI_STATUS_OCCLUDED”的前一个定义
     1>c:\program files (x86)\microsoft directx sdk (june 2010)\include\dxgitype.h(13): warning C4005: “DXGI_STATUS_CLIPPED”: 宏重定义
                 c:\program files (x86)\windows kits\8.0\include\shared\winerror.h(49458) : 参见“DXGI_STATUS_CLIPPED”的前一个定义
     1>c:\program files (x86)\microsoft directx sdk (june 2010)\include\dxgitype.h(14): warning C4005: “DXGI_STATUS_NO_REDIRECTION”: 宏重定义
                 c:\program files (x86)\windows kits\8.0\include\shared\winerror.h(49467) : 参见“DXGI_STATUS_NO_REDIRECTION”的前一个定义
     1>c:\program files (x86)\microsoft directx sdk (june 2010)\include\dxgitype.h(15): warning C4005: “DXGI_STATUS_NO_DESKTOP_ACCESS”: 宏重定义
                 c:\program files (x86)\windows kits\8.0\include\shared\winerror.h(49476) : 参见“DXGI_STATUS_NO_DESKTOP_ACCESS”的前一个定义
     1>c:\program files (x86)\microsoft directx sdk (june 2010)\include\dxgitype.h(16): warning C4005: “DXGI_STATUS_GRAPHICS_VIDPN_SOURCE_IN_USE”: 宏重定义
                 c:\program files (x86)\windows kits\8.0\include\shared\winerror.h(49485) : 参见“DXGI_STATUS_GRAPHICS_VIDPN_SOURCE_IN_USE”的前一个定义
     1>c:\program files (x86)\microsoft directx sdk (june 2010)\include\dxgitype.h(17): warning C4005: “DXGI_STATUS_MODE_CHANGED”: 宏重定义
                 c:\program files (x86)\windows kits\8.0\include\shared\winerror.h(49494) : 参见“DXGI_STATUS_MODE_CHANGED”的前一个定义
     1>c:\program files (x86)\microsoft directx sdk (june 2010)\include\dxgitype.h(18): warning C4005: “DXGI_STATUS_MODE_CHANGE_IN_PROGRESS”: 宏重定义
                 c:\program files (x86)\windows kits\8.0\include\shared\winerror.h(49503) : 参见“DXGI_STATUS_MODE_CHANGE_IN_PROGRESS”的前一个定义
     1>c:\program files (x86)\microsoft directx sdk (june 2010)\include\dxgitype.h(21): warning C4005: “DXGI_ERROR_INVALID_CALL”: 宏重定义
                 c:\program files (x86)\windows kits\8.0\include\shared\winerror.h(49518) : 参见“DXGI_ERROR_INVALID_CALL”的前一个定义
     1>c:\program files (x86)\microsoft directx sdk (june 2010)\include\dxgitype.h(22): warning C4005: “DXGI_ERROR_NOT_FOUND”: 宏重定义
                 c:\program files (x86)\windows kits\8.0\include\shared\winerror.h(49527) : 参见“DXGI_ERROR_NOT_FOUND”的前一个定义
     1>c:\program files (x86)\microsoft directx sdk (june 2010)\include\dxgitype.h(23): warning C4005: “DXGI_ERROR_MORE_DATA”: 宏重定义
                 c:\program files (x86)\windows kits\8.0\include\shared\winerror.h(49536) : 参见“DXGI_ERROR_MORE_DATA”的前一个定义
     1>c:\program files (x86)\microsoft directx sdk (june 2010)\include\dxgitype.h(24): warning C4005: “DXGI_ERROR_UNSUPPORTED”: 宏重定义
                 c:\program files (x86)\windows kits\8.0\include\shared\winerror.h(49545) : 参见“DXGI_ERROR_UNSUPPORTED”的前一个定义
     1>c:\program files (x86)\microsoft directx sdk (june 2010)\include\dxgitype.h(25): warning C4005: “DXGI_ERROR_DEVICE_REMOVED”: 宏重定义
                 c:\program files (x86)\windows kits\8.0\include\shared\winerror.h(49554) : 参见“DXGI_ERROR_DEVICE_REMOVED”的前一个定义
     1>c:\program files (x86)\microsoft directx sdk (june 2010)\include\dxgitype.h(26): warning C4005: “DXGI_ERROR_DEVICE_HUNG”: 宏重定义
                 c:\program files (x86)\windows kits\8.0\include\shared\winerror.h(49563) : 参见“DXGI_ERROR_DEVICE_HUNG”的前一个定义
     1>c:\program files (x86)\microsoft directx sdk (june 2010)\include\dxgitype.h(27): warning C4005: “DXGI_ERROR_DEVICE_RESET”: 宏重定义
                 c:\program files (x86)\windows kits\8.0\include\shared\winerror.h(49573) : 参见“DXGI_ERROR_DEVICE_RESET”的前一个定义
     1>c:\program files (x86)\microsoft directx sdk (june 2010)\include\dxgitype.h(28): warning C4005: “DXGI_ERROR_WAS_STILL_DRAWING”: 宏重定义
                 c:\program files (x86)\windows kits\8.0\include\shared\winerror.h(49582) : 参见“DXGI_ERROR_WAS_STILL_DRAWING”的前一个定义
     1>c:\program files (x86)\microsoft directx sdk (june 2010)\include\dxgitype.h(29): warning C4005: “DXGI_ERROR_FRAME_STATISTICS_DISJOINT”: 宏重定义
                 c:\program files (x86)\windows kits\8.0\include\shared\winerror.h(49592) : 参见“DXGI_ERROR_FRAME_STATISTICS_DISJOINT”的前一个定义
     1>c:\program files (x86)\microsoft directx sdk (june 2010)\include\dxgitype.h(30): warning C4005: “DXGI_ERROR_GRAPHICS_VIDPN_SOURCE_IN_USE”: 宏重定义
                 c:\program files (x86)\windows kits\8.0\include\shared\winerror.h(49601) : 参见“DXGI_ERROR_GRAPHICS_VIDPN_SOURCE_IN_USE”的前一个定义
     1>c:\program files (x86)\microsoft directx sdk (june 2010)\include\dxgitype.h(31): warning C4005: “DXGI_ERROR_DRIVER_INTERNAL_ERROR”: 宏重定义
                 c:\program files (x86)\windows kits\8.0\include\shared\winerror.h(49611) : 参见“DXGI_ERROR_DRIVER_INTERNAL_ERROR”的前一个定义
     1>c:\program files (x86)\microsoft directx sdk (june 2010)\include\dxgitype.h(32): warning C4005: “DXGI_ERROR_NONEXCLUSIVE”: 宏重定义
                 c:\program files (x86)\windows kits\8.0\include\shared\winerror.h(49620) : 参见“DXGI_ERROR_NONEXCLUSIVE”的前一个定义
     1>c:\program files (x86)\microsoft directx sdk (june 2010)\include\dxgitype.h(33): warning C4005: “DXGI_ERROR_NOT_CURRENTLY_AVAILABLE”: 宏重定义
                 c:\program files (x86)\windows kits\8.0\include\shared\winerror.h(49629) : 参见“DXGI_ERROR_NOT_CURRENTLY_AVAILABLE”的前一个定义
     1>c:\program files (x86)\microsoft directx sdk (june 2010)\include\dxgitype.h(34): warning C4005: “DXGI_ERROR_REMOTE_CLIENT_DISCONNECTED”: 宏重定义
                 c:\program files (x86)\windows kits\8.0\include\shared\winerror.h(49639) : 参见“DXGI_ERROR_REMOTE_CLIENT_DISCONNECTED”的前一个定义
     1>c:\program files (x86)\microsoft directx sdk (june 2010)\include\dxgitype.h(35): warning C4005: “DXGI_ERROR_REMOTE_OUTOFMEMORY”: 宏重定义
                 c:\program files (x86)\windows kits\8.0\include\shared\winerror.h(49648) : 参见“DXGI_ERROR_REMOTE_OUTOFMEMORY”的前一个定义
     1>c:\program files (x86)\microsoft directx sdk (june 2010)\include\d3d11.h(917): warning C4005: “D3D11_ERROR_TOO_MANY_UNIQUE_STATE_OBJECTS”: 宏重定义
                 c:\program files (x86)\windows kits\8.0\include\shared\winerror.h(49817) : 参见“D3D11_ERROR_TOO_MANY_UNIQUE_STATE_OBJECTS”的前一个定义
     1>c:\program files (x86)\microsoft directx sdk (june 2010)\include\d3d11.h(918): warning C4005: “D3D11_ERROR_FILE_NOT_FOUND”: 宏重定义
                 c:\program files (x86)\windows kits\8.0\include\shared\winerror.h(49826) : 参见“D3D11_ERROR_FILE_NOT_FOUND”的前一个定义
     1>c:\program files (x86)\microsoft directx sdk (june 2010)\include\d3d11.h(919): warning C4005: “D3D11_ERROR_TOO_MANY_UNIQUE_VIEW_OBJECTS”: 宏重定义
                 c:\program files (x86)\windows kits\8.0\include\shared\winerror.h(49836) : 参见“D3D11_ERROR_TOO_MANY_UNIQUE_VIEW_OBJECTS”的前一个定义
     1>c:\program files (x86)\microsoft directx sdk (june 2010)\include\d3d11.h(920): warning C4005: “D3D11_ERROR_DEFERRED_CONTEXT_MAP_WITHOUT_INITIAL_DISCARD”: 宏重定义
                 c:\program files (x86)\windows kits\8.0\include\shared\winerror.h(49845) : 参见“D3D11_ERROR_DEFERRED_CONTEXT_MAP_WITHOUT_INITIAL_DISCARD”的前一个定义
     1>c:\program files (x86)\microsoft directx sdk (june 2010)\include\d3d10.h(608): warning C4005: “D3D10_ERROR_TOO_MANY_UNIQUE_STATE_OBJECTS”: 宏重定义
                 c:\program files (x86)\windows kits\8.0\include\shared\winerror.h(49793) : 参见“D3D10_ERROR_TOO_MANY_UNIQUE_STATE_OBJECTS”的前一个定义
     1>c:\program files (x86)\microsoft directx sdk (june 2010)\include\d3d10.h(609): warning C4005: “D3D10_ERROR_FILE_NOT_FOUND”: 宏重定义
                 c:\program files (x86)\windows kits\8.0\include\shared\winerror.h(49802) : 参见“D3D10_ERROR_FILE_NOT_FOUND”的前一个定义
     1>d:\engine\dx11\myengine\kmyenginenew\kmyenginenewframe\kmyengine\deferredshading\deferredshadingbloom.cpp(221): warning C4244: “参数”: 从“double”转换到“FLOAT”，可能丢失数据
     1>d:\engine\dx11\myengine\kmyenginenew\kmyenginenewframe\kmyengine\deferredshading\deferredshadingbloom.cpp(209): warning C4101: “result”: 未引用的局部变量
         DeferredShaderClass.cpp
     1>c:\program files (x86)\microsoft directx sdk (june 2010)\include\dxgitype.h(12): warning C4005: “DXGI_STATUS_OCCLUDED”: 宏重定义
                 c:\program files (x86)\windows kits\8.0\include\shared\winerror.h(49449) : 参见“DXGI_STATUS_OCCLUDED”的前一个定义
     1>c:\program files (x86)\microsoft directx sdk (june 2010)\include\dxgitype.h(13): warning C4005: “DXGI_STATUS_CLIPPED”: 宏重定义
                 c:\program files (x86)\windows kits\8.0\include\shared\winerror.h(49458) : 参见“DXGI_STATUS_CLIPPED”的前一个定义
     1>c:\program files (x86)\microsoft directx sdk (june 2010)\include\dxgitype.h(14): warning C4005: “DXGI_STATUS_NO_REDIRECTION”: 宏重定义
                 c:\program files (x86)\windows kits\8.0\include\shared\winerror.h(49467) : 参见“DXGI_STATUS_NO_REDIRECTION”的前一个定义
     1>c:\program files (x86)\microsoft directx sdk (june 2010)\include\dxgitype.h(15): warning C4005: “DXGI_STATUS_NO_DESKTOP_ACCESS”: 宏重定义
                 c:\program files (x86)\windows kits\8.0\include\shared\winerror.h(49476) : 参见“DXGI_STATUS_NO_DESKTOP_ACCESS”的前一个定义
     1>c:\program files (x86)\microsoft directx sdk (june 2010)\include\dxgitype.h(16): warning C4005: “DXGI_STATUS_GRAPHICS_VIDPN_SOURCE_IN_USE”: 宏重定义
                 c:\program files (x86)\windows kits\8.0\include\shared\winerror.h(49485) : 参见“DXGI_STATUS_GRAPHICS_VIDPN_SOURCE_IN_USE”的前一个定义
     1>c:\program files (x86)\microsoft directx sdk (june 2010)\include\dxgitype.h(17): warning C4005: “DXGI_STATUS_MODE_CHANGED”: 宏重定义
                 c:\program files (x86)\windows kits\8.0\include\shared\winerror.h(49494) : 参见“DXGI_STATUS_MODE_CHANGED”的前一个定义
     1>c:\program files (x86)\microsoft directx sdk (june 2010)\include\dxgitype.h(18): warning C4005: “DXGI_STATUS_MODE_CHANGE_IN_PROGRESS”: 宏重定义
                 c:\program files (x86)\windows kits\8.0\include\shared\winerror.h(49503) : 参见“DXGI_STATUS_MODE_CHANGE_IN_PROGRESS”的前一个定义
     1>c:\program files (x86)\microsoft directx sdk (june 2010)\include\dxgitype.h(21): warning C4005: “DXGI_ERROR_INVALID_CALL”: 宏重定义
                 c:\program files (x86)\windows kits\8.0\include\shared\winerror.h(49518) : 参见“DXGI_ERROR_INVALID_CALL”的前一个定义
     1>c:\program files (x86)\microsoft directx sdk (june 2010)\include\dxgitype.h(22): warning C4005: “DXGI_ERROR_NOT_FOUND”: 宏重定义
                 c:\program files (x86)\windows kits\8.0\include\shared\winerror.h(49527) : 参见“DXGI_ERROR_NOT_FOUND”的前一个定义
     1>c:\program files (x86)\microsoft directx sdk (june 2010)\include\dxgitype.h(23): warning C4005: “DXGI_ERROR_MORE_DATA”: 宏重定义
                 c:\program files (x86)\windows kits\8.0\include\shared\winerror.h(49536) : 参见“DXGI_ERROR_MORE_DATA”的前一个定义
     1>c:\program files (x86)\microsoft directx sdk (june 2010)\include\dxgitype.h(24): warning C4005: “DXGI_ERROR_UNSUPPORTED”: 宏重定义
                 c:\program files (x86)\windows kits\8.0\include\shared\winerror.h(49545) : 参见“DXGI_ERROR_UNSUPPORTED”的前一个定义
     1>c:\program files (x86)\microsoft directx sdk (june 2010)\include\dxgitype.h(25): warning C4005: “DXGI_ERROR_DEVICE_REMOVED”: 宏重定义
                 c:\program files (x86)\windows kits\8.0\include\shared\winerror.h(49554) : 参见“DXGI_ERROR_DEVICE_REMOVED”的前一个定义
     1>c:\program files (x86)\microsoft directx sdk (june 2010)\include\dxgitype.h(26): warning C4005: “DXGI_ERROR_DEVICE_HUNG”: 宏重定义
                 c:\program files (x86)\windows kits\8.0\include\shared\winerror.h(49563) : 参见“DXGI_ERROR_DEVICE_HUNG”的前一个定义
     1>c:\program files (x86)\microsoft directx sdk (june 2010)\include\dxgitype.h(27): warning C4005: “DXGI_ERROR_DEVICE_RESET”: 宏重定义
                 c:\program files (x86)\windows kits\8.0\include\shared\winerror.h(49573) : 参见“DXGI_ERROR_DEVICE_RESET”的前一个定义
     1>c:\program files (x86)\microsoft directx sdk (june 2010)\include\dxgitype.h(28): warning C4005: “DXGI_ERROR_WAS_STILL_DRAWING”: 宏重定义
                 c:\program files (x86)\windows kits\8.0\include\shared\winerror.h(49582) : 参见“DXGI_ERROR_WAS_STILL_DRAWING”的前一个定义
     1>c:\program files (x86)\microsoft directx sdk (june 2010)\include\dxgitype.h(29): warning C4005: “DXGI_ERROR_FRAME_STATISTICS_DISJOINT”: 宏重定义
                 c:\program files (x86)\windows kits\8.0\include\shared\winerror.h(49592) : 参见“DXGI_ERROR_FRAME_STATISTICS_DISJOINT”的前一个定义
     1>c:\program files (x86)\microsoft directx sdk (june 2010)\include\dxgitype.h(30): warning C4005: “DXGI_ERROR_GRAPHICS_VIDPN_SOURCE_IN_USE”: 宏重定义
                 c:\program files (x86)\windows kits\8.0\include\shared\winerror.h(49601) : 参见“DXGI_ERROR_GRAPHICS_VIDPN_SOURCE_IN_USE”的前一个定义
     1>c:\program files (x86)\microsoft directx sdk (june 2010)\include\dxgitype.h(31): warning C4005: “DXGI_ERROR_DRIVER_INTERNAL_ERROR”: 宏重定义
                 c:\program files (x86)\windows kits\8.0\include\shared\winerror.h(49611) : 参见“DXGI_ERROR_DRIVER_INTERNAL_ERROR”的前一个定义
     1>c:\program files (x86)\microsoft directx sdk (june 2010)\include\dxgitype.h(32): warning C4005: “DXGI_ERROR_NONEXCLUSIVE”: 宏重定义
                 c:\program files (x86)\windows kits\8.0\include\shared\winerror.h(49620) : 参见“DXGI_ERROR_NONEXCLUSIVE”的前一个定义
     1>c:\program files (x86)\microsoft directx sdk (june 2010)\include\dxgitype.h(33): warning C4005: “DXGI_ERROR_NOT_CURRENTLY_AVAILABLE”: 宏重定义
                 c:\program files (x86)\windows kits\8.0\include\shared\winerror.h(49629) : 参见“DXGI_ERROR_NOT_CURRENTLY_AVAILABLE”的前一个定义
     1>c:\program files (x86)\microsoft directx sdk (june 2010)\include\dxgitype.h(34): warning C4005: “DXGI_ERROR_REMOTE_CLIENT_DISCONNECTED”: 宏重定义
                 c:\program files (x86)\windows kits\8.0\include\shared\winerror.h(49639) : 参见“DXGI_ERROR_REMOTE_CLIENT_DISCONNECTED”的前一个定义
     1>c:\program files (x86)\microsoft directx sdk (june 2010)\include\dxgitype.h(35): warning C4005: “DXGI_ERROR_REMOTE_OUTOFMEMORY”: 宏重定义
                 c:\program files (x86)\windows kits\8.0\include\shared\winerror.h(49648) : 参见“DXGI_ERROR_REMOTE_OUTOFMEMORY”的前一个定义
     1>c:\program files (x86)\microsoft directx sdk (june 2010)\include\d3d11.h(917): warning C4005: “D3D11_ERROR_TOO_MANY_UNIQUE_STATE_OBJECTS”: 宏重定义
                 c:\program files (x86)\windows kits\8.0\include\shared\winerror.h(49817) : 参见“D3D11_ERROR_TOO_MANY_UNIQUE_STATE_OBJECTS”的前一个定义
     1>c:\program files (x86)\microsoft directx sdk (june 2010)\include\d3d11.h(918): warning C4005: “D3D11_ERROR_FILE_NOT_FOUND”: 宏重定义
                 c:\program files (x86)\windows kits\8.0\include\shared\winerror.h(49826) : 参见“D3D11_ERROR_FILE_NOT_FOUND”的前一个定义
     1>c:\program files (x86)\microsoft directx sdk (june 2010)\include\d3d11.h(919): warning C4005: “D3D11_ERROR_TOO_MANY_UNIQUE_VIEW_OBJECTS”: 宏重定义
                 c:\program files (x86)\windows kits\8.0\include\shared\winerror.h(49836) : 参见“D3D11_ERROR_TOO_MANY_UNIQUE_VIEW_OBJECTS”的前一个定义
     1>c:\program files (x86)\microsoft directx sdk (june 2010)\include\d3d11.h(920): warning C4005: “D3D11_ERROR_DEFERRED_CONTEXT_MAP_WITHOUT_INITIAL_DISCARD”: 宏重定义
                 c:\program files (x86)\windows kits\8.0\include\shared\winerror.h(49845) : 参见“D3D11_ERROR_DEFERRED_CONTEXT_MAP_WITHOUT_INITIAL_DISCARD”的前一个定义
     1>c:\program files (x86)\microsoft directx sdk (june 2010)\include\d3d10.h(608): warning C4005: “D3D10_ERROR_TOO_MANY_UNIQUE_STATE_OBJECTS”: 宏重定义
                 c:\program files (x86)\windows kits\8.0\include\shared\winerror.h(49793) : 参见“D3D10_ERROR_TOO_MANY_UNIQUE_STATE_OBJECTS”的前一个定义
     1>c:\program files (x86)\microsoft directx sdk (june 2010)\include\d3d10.h(609): warning C4005: “D3D10_ERROR_FILE_NOT_FOUND”: 宏重定义
                 c:\program files (x86)\windows kits\8.0\include\shared\winerror.h(49802) : 参见“D3D10_ERROR_FILE_NOT_FOUND”的前一个定义
     1>d:\engine\dx11\myengine\kmyenginenew\kmyenginenewframe\kmyengine\deferredshading\deferredshaderclass.cpp(243): warning C4101: “result”: 未引用的局部变量
         正在生成代码...
       Link:
         E:\Program Files (x86)\Microsoft Visual Studio 11.0\VC\bin\link.exe /ERRORREPORT:PROMPT /OUT:"D:\Engine\DX11\MyEngine\KMyEngineNew\KMyEngineNewFrame\\KMyEngineOutput\Win32\Debug\KMyEngineD.dll" /INCREMENTAL /NOLOGO d3d11.lib d3dx11d.lib D3DCompiler.lib Effects11d.lib dxerr.lib dxgi.lib dxguid.lib kernel32.lib user32.lib gdi32.lib winspool.lib comdlg32.lib advapi32.lib shell32.lib ole32.lib oleaut32.lib uuid.lib odbc32.lib odbccp32.lib /MANIFEST /MANIFESTUAC:"level='asInvoker' uiAccess='false'" /manifest:embed /DEBUG /PDB:"D:\Engine\DX11\MyEngine\KMyEngineNew\KMyEngineNewFrame\\KMyEngineOutput\Win32\Debug\KMyEngineD.pdb" /SUBSYSTEM:WINDOWS /TLBID:1 /DYNAMICBASE /NXCOMPAT /IMPLIB:"D:\Engine\DX11\MyEngine\KMyEngineNew\KMyEngineNewFrame\\KMyEngineOutput\Win32\Debug\KMyEngineD.lib" /MACHINE:X86 /DLL Debug\ApplicationClass.obj
         Debug\BumpmapsModelClass.obj
         Debug\BumpmapsShaderClass.obj
         Debug\CameraClass.obj
         Debug\D3DClass.obj
         Debug\DeferredBuffersClass.obj
         Debug\DeferredShaderClass.obj
         Debug\DeferredShadingBloom.obj
         Debug\DeferredShadingEdgeDetectAAClass.obj
         Debug\DeferredShadingLightShaderClass.obj
         Debug\DeferredShadingMergeOutput.obj
         Debug\OrthoWindowClass.obj
         Debug\dllMain.obj
         Debug\GeometryGenerator.obj
         Debug\InputClass.obj
         Debug\LightClass.obj
         Debug\LightShaderClass.obj
         Debug\MathHelper.obj
         Debug\ModelClass.obj
         Debug\MyTestInterfaces.obj
         Debug\ShaderManagerClass.obj
         Debug\TextureClass.obj
         Debug\TextureShaderClass.obj
         KMyEngine.vcxproj -> D:\Engine\DX11\MyEngine\KMyEngineNew\KMyEngineNewFrame\\KMyEngineOutput\Win32\Debug\KMyEngineD.dll
     1>已完成生成项目“D:\Engine\DX11\MyEngine\KMyEngineNew\KMyEngineNewFrame\KMyEngine\KMyEngine.vcxproj”(Build 个目标)的操作。

生成成功。

已用时间 00:00:06.31
