D:\ENGINE\DX11\MYENGINE\KMYENGINENEW\KMYENGINENEWFRAME\KMYENGINE\DEBUG\CAMERACLASS.OBJ
D:\ENGINE\DX11\MYENGINE\KMYENGINENEW\KMYENGINENEWFRAME\KMYENGINE\DEBUG\D3DCLASS.OBJ
D:\ENGINE\DX11\MYENGINE\KMYENGINENEW\KMYENGINENEWFRAME\KMYENGINE\DEBUG\DEFERREDBUFFERSCLASS.OBJ
D:\ENGINE\DX11\MYENGINE\KMYENGINENEW\KMYENGINENEWFRAME\KMYENGINE\DEBUG\DEFERREDSHADERCLASS.OBJ
D:\ENGINE\DX11\MYENGINE\KMYENGINENEW\KMYENGINENEWFRAME\KMYENGINE\DEBUG\DEFERREDSHADINGBLOOM.OBJ
D:\ENGINE\DX11\MYENGINE\KMYENGINENEW\KMYENGINENEWFRAME\KMYENGINE\DEBUG\DEFERREDSHADINGEDGEDETECTAACLASS.OBJ
D:\ENGINE\DX11\MYENGINE\KMYENGINENEW\KMYENGINENEWFRAME\KMYENGINE\DEBUG\DEFERREDSHADINGLIGHTSHADERCLASS.OBJ
D:\ENGINE\DX11\MYENGINE\KMYENGINENEW\KMYENGINENEWFRAME\KMYENGINE\DEBUG\DEFERREDSHADINGMERGEOUTPUT.OBJ
D:\ENGINE\DX11\MYENGINE\KMYENGINENEW\KMYENGINENEWFRAME\KMYENGINE\DEBUG\ORTHOWINDOWCLASS.OBJ
D:\ENGINE\DX11\MYENGINE\KMYENGINENEW\KMYENGINENEWFRAME\KMYENGINE\DEBUG\DLLMAIN.OBJ
D:\ENGINE\DX11\MYENGINE\KMYENGINENEW\KMYENGINENEWFRAME\KMYENGINE\DEBUG\GEOMETRYGENERATOR.OBJ
D:\ENGINE\DX11\MYENGINE\KMYENGINENEW\KMYENGINENEWFRAME\KMYENGINE\DEBUG\INPUTCLASS.OBJ
D:\ENGINE\DX11\MYENGINE\KMYENGINENEW\KMYENGINENEWFRAME\KMYENGINE\DEBUG\LIGHTCLASS.OBJ
D:\ENGINE\DX11\MYENGINE\KMYENGINENEW\KMYENGINENEWFRAME\KMYENGINE\DEBUG\LIGHTSHADERCLASS.OBJ
D:\ENGINE\DX11\MYENGINE\KMYENGINENEW\KMYENGINENEWFRAME\KMYENGINE\DEBUG\MATHHELPER.OBJ
D:\ENGINE\DX11\MYENGINE\KMYENGINENEW\KMYENGINENEWFRAME\KMYENGINE\DEBUG\MODELCLASS.OBJ
D:\ENGINE\DX11\MYENGINE\KMYENGINENEW\KMYENGINENEWFRAME\KMYENGINE\DEBUG\MYTESTINTERFACES.OBJ
D:\ENGINE\DX11\MYENGINE\KMYENGINENEW\KMYENGINENEWFRAME\KMYENGINE\DEBUG\SHADERMANAGERCLASS.OBJ
D:\ENGINE\DX11\MYENGINE\KMYENGINENEW\KMYENGINENEWFRAME\KMYENGINE\DEBUG\TEXTURECLASS.OBJ
D:\ENGINE\DX11\MYENGINE\KMYENGINENEW\KMYENGINENEWFRAME\KMYENGINE\DEBUG\TEXTURESHADERCLASS.OBJ
D:\ENGINE\DX11\MYENGINE\KMYENGINENEW\KMYENGINENEWFRAME\KMYENGINE\DEBUG\APPLICATIONCLASS.OBJ
D:\ENGINE\DX11\MYENGINE\KMYENGINENEW\KMYENGINENEWFRAME\KMYENGINE\DEBUG\BUMPMAPSMODELCLASS.OBJ
D:\ENGINE\DX11\MYENGINE\KMYENGINENEW\KMYENGINENEWFRAME\KMYENGINE\DEBUG\BUMPMAPSSHADERCLASS.OBJ
D:\ENGINE\DX11\MYENGINE\KMYENGINENEW\KMYENGINENEWFRAME\KMYENGINE\DEBUG\VC110.PDB
D:\Engine\DX11\MyEngine\KMyEngineNew\KMyEngineNewFrame\KMyEngineOutput\Win32\Debug\KMyEngineD.lib
D:\Engine\DX11\MyEngine\KMyEngineNew\KMyEngineNewFrame\KMyEngineOutput\Win32\Debug\KMyEngineD.exp
D:\ENGINE\DX11\MYENGINE\KMYENGINENEW\KMYENGINENEWFRAME\KMYENGINEOUTPUT\WIN32\DEBUG\KMYENGINED.ILK
D:\ENGINE\DX11\MYENGINE\KMYENGINENEW\KMYENGINENEWFRAME\KMYENGINEOUTPUT\WIN32\DEBUG\KMYENGINED.DLL
D:\ENGINE\DX11\MYENGINE\KMYENGINENEW\KMYENGINENEWFRAME\KMYENGINEOUTPUT\WIN32\DEBUG\KMYENGINED.PDB
D:\Engine\DX11\MyEngine\KMyEngineNew\KMyEngineNewFrame\KMyEngine\Debug\ApplicationClass.obj
D:\Engine\DX11\MyEngine\KMyEngineNew\KMyEngineNewFrame\KMyEngine\Debug\BumpmapsModelClass.obj
D:\Engine\DX11\MyEngine\KMyEngineNew\KMyEngineNewFrame\KMyEngine\Debug\BumpmapsShaderClass.obj
D:\Engine\DX11\MyEngine\KMyEngineNew\KMyEngineNewFrame\KMyEngine\Debug\CameraClass.obj
D:\Engine\DX11\MyEngine\KMyEngineNew\KMyEngineNewFrame\KMyEngine\Debug\D3DClass.obj
D:\Engine\DX11\MyEngine\KMyEngineNew\KMyEngineNewFrame\KMyEngine\Debug\DeferredBuffersClass.obj
D:\Engine\DX11\MyEngine\KMyEngineNew\KMyEngineNewFrame\KMyEngine\Debug\DeferredShaderClass.obj
D:\Engine\DX11\MyEngine\KMyEngineNew\KMyEngineNewFrame\KMyEngine\Debug\DeferredShadingBloom.obj
D:\Engine\DX11\MyEngine\KMyEngineNew\KMyEngineNewFrame\KMyEngine\Debug\DeferredShadingEdgeDetectAAClass.obj
D:\Engine\DX11\MyEngine\KMyEngineNew\KMyEngineNewFrame\KMyEngine\Debug\DeferredShadingLightShaderClass.obj
D:\Engine\DX11\MyEngine\KMyEngineNew\KMyEngineNewFrame\KMyEngine\Debug\DeferredShadingMergeOutput.obj
D:\Engine\DX11\MyEngine\KMyEngineNew\KMyEngineNewFrame\KMyEngine\Debug\dllMain.obj
D:\Engine\DX11\MyEngine\KMyEngineNew\KMyEngineNewFrame\KMyEngine\Debug\GeometryGenerator.obj
D:\Engine\DX11\MyEngine\KMyEngineNew\KMyEngineNewFrame\KMyEngine\Debug\InputClass.obj
D:\Engine\DX11\MyEngine\KMyEngineNew\KMyEngineNewFrame\KMyEngine\Debug\LightClass.obj
D:\Engine\DX11\MyEngine\KMyEngineNew\KMyEngineNewFrame\KMyEngine\Debug\LightShaderClass.obj
D:\Engine\DX11\MyEngine\KMyEngineNew\KMyEngineNewFrame\KMyEngine\Debug\MathHelper.obj
D:\Engine\DX11\MyEngine\KMyEngineNew\KMyEngineNewFrame\KMyEngine\Debug\ModelClass.obj
D:\Engine\DX11\MyEngine\KMyEngineNew\KMyEngineNewFrame\KMyEngine\Debug\MyTestInterfaces.obj
D:\Engine\DX11\MyEngine\KMyEngineNew\KMyEngineNewFrame\KMyEngine\Debug\OrthoWindowClass.obj
D:\Engine\DX11\MyEngine\KMyEngineNew\KMyEngineNewFrame\KMyEngine\Debug\ShaderManagerClass.obj
D:\Engine\DX11\MyEngine\KMyEngineNew\KMyEngineNewFrame\KMyEngine\Debug\TextureClass.obj
D:\Engine\DX11\MyEngine\KMyEngineNew\KMyEngineNewFrame\KMyEngine\Debug\TextureShaderClass.obj
D:\Engine\DX11\MyEngine\KMyEngineNew\KMyEngineNewFrame\KMyEngine\Debug\cl.command.1.tlog
D:\Engine\DX11\MyEngine\KMyEngineNew\KMyEngineNewFrame\KMyEngine\Debug\CL.read.1.tlog
D:\Engine\DX11\MyEngine\KMyEngineNew\KMyEngineNewFrame\KMyEngine\Debug\CL.write.1.tlog
D:\Engine\DX11\MyEngine\KMyEngineNew\KMyEngineNewFrame\KMyEngine\Debug\KMyEngine.write.1.tlog
D:\Engine\DX11\MyEngine\KMyEngineNew\KMyEngineNewFrame\KMyEngine\Debug\link-cvtres.read.1.tlog
D:\Engine\DX11\MyEngine\KMyEngineNew\KMyEngineNewFrame\KMyEngine\Debug\link-cvtres.write.1.tlog
D:\Engine\DX11\MyEngine\KMyEngineNew\KMyEngineNewFrame\KMyEngine\Debug\link-rc.read.1.tlog
D:\Engine\DX11\MyEngine\KMyEngineNew\KMyEngineNewFrame\KMyEngine\Debug\link-rc.write.1.tlog
D:\Engine\DX11\MyEngine\KMyEngineNew\KMyEngineNewFrame\KMyEngine\Debug\link.command.1.tlog
D:\Engine\DX11\MyEngine\KMyEngineNew\KMyEngineNewFrame\KMyEngine\Debug\link.read.1.tlog
D:\Engine\DX11\MyEngine\KMyEngineNew\KMyEngineNewFrame\KMyEngine\Debug\link.write.1.tlog
D:\Engine\DX11\MyEngine\KMyEngineNew\KMyEngineNewFrame\KMyEngine\Debug\vc110.idb
D:\Engine\DX11\MyEngine\KMyEngineNew\KMyEngineNewFrame\KMyEngine\Debug\vc110.pdb
D:\Engine\DX11\MyEngine\KMyEngineNew\KMyEngineNewFrame\\KMyEngineOutput\Win32\Debug\KMyEngineD.pdb
D:\Engine\DX11\MyEngine\KMyEngineNew\KMyEngineNewFrame\\KMyEngineOutput\Win32\Debug\KMyEngineD.dll
D:\Engine\DX11\MyEngine\KMyEngineNew\KMyEngineNewFrame\\KMyEngineOutput\Win32\Debug\KMyEngineD.ilk
