D:\ENGINE\DX11\MYENGINE\KMYENGINENEW\KMYENGINE\KMYENGINE\DEBUG\APPLICATIONCLASS.OBJ
D:\ENGINE\DX11\MYENGINE\KMYENGINENEW\KMYENGINE\KMYENGINE\DEBUG\BUMPMAPSMODELCLASS.OBJ
D:\ENGINE\DX11\MYENGINE\KMYENGINENEW\KMYENGINE\KMYENGINE\DEBUG\BUMPMAPSSHADERCLASS.OBJ
D:\ENGINE\DX11\MYENGINE\KMYENGINENEW\KMYENGINE\KMYENGINE\DEBUG\CAMERACLASS.OBJ
D:\ENGINE\DX11\MYENGINE\KMYENGINENEW\KMYENGINE\KMYENGINE\DEBUG\D3DCLASS.OBJ
D:\ENGINE\DX11\MYENGINE\KMYENGINENEW\KMYENGINE\KMYENGINE\DEBUG\DLLMAIN.OBJ
D:\ENGINE\DX11\MYENGINE\KMYENGINENEW\KMYENGINE\KMYENGINE\DEBUG\GEOMETRYGENERATOR.OBJ
D:\ENGINE\DX11\MYENGINE\KMYENGINENEW\KMYENGINE\KMYENGINE\DEBUG\INPUTCLASS.OBJ
D:\ENGINE\DX11\MYENGINE\KMYENGINENEW\KMYENGINE\KMYENGINE\DEBUG\LIGHTCLASS.OBJ
D:\ENGINE\DX11\MYENGINE\KMYENGINENEW\KMYENGINE\KMYENGINE\DEBUG\LIGHTSHADERCLASS.OBJ
D:\ENGINE\DX11\MYENGINE\KMYENGINENEW\KMYENGINE\KMYENGINE\DEBUG\MATHHELPER.OBJ
D:\ENGINE\DX11\MYENGINE\KMYENGINENEW\KMYENGINE\KMYENGINE\DEBUG\MODELCLASS.OBJ
D:\ENGINE\DX11\MYENGINE\KMYENGINENEW\KMYENGINE\KMYENGINE\DEBUG\SHADERMANAGERCLASS.OBJ
D:\ENGINE\DX11\MYENGINE\KMYENGINENEW\KMYENGINE\KMYENGINE\DEBUG\SYSTEMCLASS.OBJ
D:\ENGINE\DX11\MYENGINE\KMYENGINENEW\KMYENGINE\KMYENGINE\DEBUG\TEXTURECLASS.OBJ
D:\ENGINE\DX11\MYENGINE\KMYENGINENEW\KMYENGINE\KMYENGINE\DEBUG\TEXTURESHADERCLASS.OBJ
D:\ENGINE\DX11\MYENGINE\KMYENGINENEW\KMYENGINE\KMYENGINE\DEBUG\VC110.PDB
D:\ENGINE\DX11\MYENGINE\KMYENGINENEW\KMYENGINE\DEBUG\KMYENGINE.ILK
D:\ENGINE\DX11\MYENGINE\KMYENGINENEW\KMYENGINE\DEBUG\KMYENGINE.DLL
D:\ENGINE\DX11\MYENGINE\KMYENGINENEW\KMYENGINE\DEBUG\KMYENGINE.PDB
D:\Engine\DX11\MyEngine\KMyEngineNew\KMyEngine\KMyEngine\Debug\ApplicationClass.obj
D:\Engine\DX11\MyEngine\KMyEngineNew\KMyEngine\KMyEngine\Debug\BumpmapsModelClass.obj
D:\Engine\DX11\MyEngine\KMyEngineNew\KMyEngine\KMyEngine\Debug\BumpmapsShaderClass.obj
D:\Engine\DX11\MyEngine\KMyEngineNew\KMyEngine\KMyEngine\Debug\CameraClass.obj
D:\Engine\DX11\MyEngine\KMyEngineNew\KMyEngine\KMyEngine\Debug\D3DClass.obj
D:\Engine\DX11\MyEngine\KMyEngineNew\KMyEngine\KMyEngine\Debug\dllMain.obj
D:\Engine\DX11\MyEngine\KMyEngineNew\KMyEngine\KMyEngine\Debug\GeometryGenerator.obj
D:\Engine\DX11\MyEngine\KMyEngineNew\KMyEngine\KMyEngine\Debug\InputClass.obj
D:\Engine\DX11\MyEngine\KMyEngineNew\KMyEngine\KMyEngine\Debug\LightClass.obj
D:\Engine\DX11\MyEngine\KMyEngineNew\KMyEngine\KMyEngine\Debug\LightShaderClass.obj
D:\Engine\DX11\MyEngine\KMyEngineNew\KMyEngine\KMyEngine\Debug\MathHelper.obj
D:\Engine\DX11\MyEngine\KMyEngineNew\KMyEngine\KMyEngine\Debug\ModelClass.obj
D:\Engine\DX11\MyEngine\KMyEngineNew\KMyEngine\KMyEngine\Debug\ShaderManagerClass.obj
D:\Engine\DX11\MyEngine\KMyEngineNew\KMyEngine\KMyEngine\Debug\SystemClass.obj
D:\Engine\DX11\MyEngine\KMyEngineNew\KMyEngine\KMyEngine\Debug\TextureClass.obj
D:\Engine\DX11\MyEngine\KMyEngineNew\KMyEngine\KMyEngine\Debug\TextureShaderClass.obj
D:\Engine\DX11\MyEngine\KMyEngineNew\KMyEngine\KMyEngine\Debug\cl.command.1.tlog
D:\Engine\DX11\MyEngine\KMyEngineNew\KMyEngine\KMyEngine\Debug\CL.read.1.tlog
D:\Engine\DX11\MyEngine\KMyEngineNew\KMyEngine\KMyEngine\Debug\CL.write.1.tlog
D:\Engine\DX11\MyEngine\KMyEngineNew\KMyEngine\KMyEngine\Debug\link-cvtres.read.1.tlog
D:\Engine\DX11\MyEngine\KMyEngineNew\KMyEngine\KMyEngine\Debug\link-cvtres.write.1.tlog
D:\Engine\DX11\MyEngine\KMyEngineNew\KMyEngine\KMyEngine\Debug\link-rc.read.1.tlog
D:\Engine\DX11\MyEngine\KMyEngineNew\KMyEngine\KMyEngine\Debug\link-rc.write.1.tlog
D:\Engine\DX11\MyEngine\KMyEngineNew\KMyEngine\KMyEngine\Debug\link.command.1.tlog
D:\Engine\DX11\MyEngine\KMyEngineNew\KMyEngine\KMyEngine\Debug\link.read.1.tlog
D:\Engine\DX11\MyEngine\KMyEngineNew\KMyEngine\KMyEngine\Debug\link.write.1.tlog
D:\Engine\DX11\MyEngine\KMyEngineNew\KMyEngine\KMyEngine\Debug\vc110.idb
D:\Engine\DX11\MyEngine\KMyEngineNew\KMyEngine\KMyEngine\Debug\vc110.pdb
